VPS8
YAL004W
SSA1
ERP2
FUN14
MDM10
SWC3
DEP1
SYN8
NTG1
PSK1
YAL018C
FUN30
ATS1
FUN26
PMT2
LTE1
SAW1
FRT2
MYO4
SNC1
GIP4
FUN19
RBG1
YAL037W
CLN3
ERV46
YAL043C-A
YAL045C
AIM1
GEM1
AIM2
OAF1
FLC2
ACS1
PEX22
GPB2
YAL058C-A
CNE1
ECM1
BDH1
BDH2
GDH3
YAL064C-A
YAL065C
YAL066W
SEO1
PAU8
ERP1
NUP60
SWD1
BUD14
ADE1
KIN3
PAU7
YAR023C
UIP3
YAR028W
YAR029W
YAR030C
PRM9
YAT1
SWH1
YAR043C
YAR044W
YAR047C
FLO1
ECM15
HTA2
PDR3
SLA1
HIR1
ALK2
YBL010C
SCT1
FMT1
ACH1
PEP1
APN2
HAP3
NCL1
RPL19B
YBL028C
YBL029W
SHE1
HEK2
YBL036C
APL3
URA7
FUI1
ECM13
PSY4
EDE1
RRT1
MOH1
PIN4
SAS3
YBL053W
TOD6
YBL055C
PTC3
PTH2
YBL059W
YEL1
SKT5
YBL062W
KIP1
PRX1
YBL065W
SEF1
UBP13
PRS4
AST1
YBL070C
YBL071C
RPS8A
SSA3
ATG8
YBL081W
ALG3
YBL083C
BOI1
YBL086C
RPL23A
TEL1
AVT5
MAP2
SCS22
YBL095W
YBL096C
BNA4
YBL100C
ECM21
SFT2
RTG3
YBL104C
SRO77
YBL107C
NTH2
RCR1
UGA2
DSF2
FLR1
HHF1
HHT1
YBR012C
YBR013C
GRX7
MNN2
YBR016W
GAL7
GAL10
GAL1
POA1
CHS3
SCO2
OLA1
ETR1
YBR027C
YBR028C
RKM3
RPL4A
YBR032W
EDS1
HMT1
CSG2
FIG1
FAT1
CST26
QDR3
TCM62
GIP1
ZTA1
FMP23
RPS11B
REG2
YBR051W
RFS1
YBR053C
YRO2
YBR056W
MUM2
UBP14
YBR062C
YBR063C
YBR064W
ECM2
NRG2
TIP1
BAP2
TAT1
YBR071W
HSP26
RDH54
YBR074W
YBR075W
ECM8
ECM33
UBC4
TEC1
MIS1
AAC3
IST2
YBR090C
YBR090C-A
PHO3
PBY1
RXT2
MMS4
YBR099C
YBR100W
SIF2
YMC2
VID24
IML3
AIM3
YSA1
RAD16
YBR116C
TEF2
MUD1
PTC4
TPS1
ATG14
OPY1
SHE3
CCZ1
AGP2
YBR134W
YBR137W
YBR138C
YBR139W
YBR141C
ADH5
RTC2
YSW1
ARA1
TBS1
APD1
ICS2
AMN1
CSH1
TOS1
YSY6
ARL1
UBS1
PEX32
SSE2
SEC66
SMY2
YBR174C
SWD3
ECM31
EHT1
YBR178W
DTR1
RPS6B
SMP1
YPC1
YBR184W
MBA1
PCH2
GDT1
NTC20
AIM4
MSI1
YBR197C
KTR4
BEM1
DER1
COS111
YBR204C
KTR3
YBR206W
FTH1
DUR1,2
ERV15
NGR1
MET8
SDS24
HPC2
YBP1
ATG12
PYC2
YBR219C
YBR220C
PDB1
PCS60
TDP1
YBR224W
YBR225W
YBR226C
MCX1
SLX1
ROT2
OM14
SWC5
YBR232C
PBP2
YBR235W
YBR238C
ERT1
THI2
YBR241C
YBR242W
GPX2
ISW1
YBR246W
ARO4
SPO23
MTC4
SHG1
YBR259W
RGD1
TAE1
AIM5
SHM1
YPT10
SLM6
REI1
FMP21
BIT2
YBR271W
HSM3
UBX7
CHK1
RIF1
PPS1
YBR277C
DPB3
SAF1
DUG2
SSH1
YBR284W
YBR285W
APE3
YBR287W
APM3
SNF5
BSD2
CTP1
YBR292C
VBA2
SUL1
PCA1
PHO89
MAL33
MAL31
MAL32
YBR300C
DAN3
RER1
YCL001W-A
YCL002C
YCL006C
ILV6
SGF29
GBP2
YCL012W
YCL013W
BUD3
DCC1
YCL022C
YCL023C
KCC4
AGP1
YCL026C
FRM2
FUS1
RNQ1
BIK1
STE50
YCL033C
LSB5
GRX1
GFD2
ATG22
GID7
GLK1
YCL042W
MGR1
EMC1
YCL046W
YCL047C
SPS22
YCL049C
APA1
LRE1
KAR4
YCL056C
PRD1
YCL060C
MRC1
YCL062W
VAC17
CHA1
VBA3
YCL074W
YCL075W
YCL076W
YCR001W
CIT2
YCR006C
YCR007C
SAT4
RVS161
ADY2
ADP1
POL4
YCR015C
YCR016W
CWH43
MAK32
PET18
MAK31
HSP30
YCR022C
YCR023C
PMP1
YCR025C
NPP1
RHB1
RIM1
SYP1
RPS14A
BPH1
SNT1
FEN1
RBK1
PHO87
YCR043C
PER1
YCR045C
ARE1
YCR049C
YCR050C
YCR051W
THR4
YIH1
TAH1
YCR061W
YCR062W
BUD31
HCM1
SED4
ATG15
CPR4
SSK22
SOL2
ERS1
YCR076C
PAT1
PTC6
AHC2
TRX3
YCR085W
CSM1
LUG1
YCR087W
ABP1
FIG2
YCR090C
KIN82
MSH3
OCA4
GIT1
YCR099C
YCR100C
YCR101C
YCR102C
YCR102W-A
ADH7
RDS1
AAD3
RMD1
NHP10
PTC1
GRX6
YDL011C
YDL012C
SLX5
ERP3
OSH2
RPN4
YDL023C
DIA3
YDL025C
YDL026W
YDL027C
SLM3
PUS9
BSC1
YDL038C
PRM7
STP4
YDL050C
LHP1
PBP4
MCH1
MBP1
RAD59
RPS29B
YDL062W
PEX19
IDP1
BDF2
YDL071C
BRE1
RXT3
VAM6
MDH3
MRK1
THI3
RPP1A
RPL13A
RPS16B
NDE2
YDL086W
ASM4
NUR1
UBX3
PMT5
YDL094C
PMT1
OPI6
BUG1
GET3
QRI7
PHO2
YDL109C
TMA17
TRM3
ATG20
YDL114W
CYK3
YDL118W
YDL119C
YDL121C
UBP1
SNA4
YDL124W
HNT1
PCL2
VCX1
YDL129W
RPP1B
STF1
LYS21
RPL41B
YDL133W
PPH21
YDL134C-A
RDI1
RPL35B
ARF2
RGT2
CRD1
YDL144C
LDB17
ATG9
MSH5
CLB3
CMR1
YDL157C
ENT1
YDL162C
NRP1
SFA1
UGX2
UGA3
GLT1
YDL172C
PAR32
DLD1
AIR2
YDL176W
YDL177C
DLD2
PCL9
YDL180W
INH1
LYS20
YDL183C
RPL41A
YDL186W
YDL187C
PPH22
RBS1
UFD2
RPL35A
ARF1
SNF3
ASF2
YDL199C
MGT1
TRM8
ACK1
RTN2
YDL206W
UGA4
YDL211C
NOP6
PRR2
GDH2
RRI1
YDL218W
DTD1
FMP45
HBT1
WHI4
GCS1
SSB1
PTP1
BRE4
YDL233W
GYP7
PHO13
LRC1
GUD1
ADY3
LRG1
YDL241W
YDL242W
AAD4
NTH1
RCR2
RAD57
MAF1
SOK1
TRP1
GAL3
YDR010C
SNQ2
RAD61
YDR015C
YDR018C
GCV1
DAS2
CIS1
FYV1
YDR026C
YDR029W
RAD28
MIC14
PST2
MRH1
ARO3
EHD3
YDR042C
NRG1
BAP3
YDR049W
DET1
PST1
YDR056C
YOS9
TGL2
UBC5
YDR061W
AIM7
RTR2
OCA6
DOS2
FMP16
PAA1
IPT1
SNF11
TPS2
PPH3
RAD55
SED1
VPS41
RRP8
TVP23
AFR1
YDR089W
YDR090C
UBC13
DNF2
YDR094W
YDR095C
GIS1
MSH6
GRX3
BMH2
TVP15
ARX1
YDR102C
SPO71
TMS1
TMN2
GSG1
YDR109C
FOB1
ALT2
IRC2
MRPL1
TMA64
VBA4
TRM1
DPB4
KIN1
INO2
YDR124W
ECM18
SWF1
ARO1
MTC5
FIN1
YDR131C
YDR132C
YDR133C
YDR134C
YCF1
RUB1
PEX7
SAN1
MKC7
SWI5
EKI1
KGD2
YDR149C
NUM1
CTH1
GIR2
ENT5
YDR154C
CPR1
RPA14
YDR157W
HOM2
SAC3
NBP2
CWC15
TRM82
STB3
HSP42
HMO1
SDH4
CSN9
YDR179W-A
SAS4
PLP1
ATC1
UPS3
YDR186C
HST4
NUP42
YDR193W
RKM2
YDR199W
RAV2
YDR203W
MSC2
EBS1
UME6
YDR209C
YDR210W
UPC2
AHA1
YDR215C
ADR1
RAD9
SPR28
MFB1
YDR220C
GTB1
YDR222W
CRF1
HTA1
IVY1
RTN1
YDR239C
AMD2
PEX5
MNN10
VHS1
YDR248C
YDR249C
YDR250C
PAM1
BTT1
MET32
CHL4
RMD5
CTA1
RKM4
HSP78
YAP6
SWM1
EXG2
YDR262W
DIN7
PEX10
YDR266C
YDR269C
CCC2
YDR271C
GLO2
DON1
YDR274C
BSC2
PMP3
MTH1
YDR278C
RNH202
PHM6
YDR282C
DPP1
ZIP1
YDR286C
INM2
RTT103
YDR290W
HRQ1
SSD1
DPL1
SUR2
CPR5
HNT2
YDR306C
YDR307W
GIC2
SUM1
SSF2
PIB1
RAD34
IPK1
OMS1
HIM1
MCM21
YFT2
ASP1
YSP2
PEX3
UBX5
IRC3
YDR333C
SWR1
MSN5
YDR336W
YDR338C
YDR340W
YDR344C
HXT3
SVF1
YDR348C
YPS7
SBE2
YDR352W
TRP4
YDR357C
GGA1
EAF1
OPI7
ESC2
SEM1
YPR1
XRS2
YDR370C
CTS2
VPS74
YDR374C
BCS1
LSM6
RGA2
ARO10
RPP2B
NKP1
ATO3
EFT2
MUS81
YDR387C
RVS167
SAC7
YDR391C
SPT3
SHE9
SXM1
HPT1
URH1
YDR401W
DIT2
DIT1
PDR15
ADE8
SIZ1
DFM1
ERD1
YDR415C
RAD30
HKR1
ARO80
SIP1
CAD1
DYN2
SNX41
YDR426C
BNA7
CYM1
YDR431W
PPM1
PPZ2
THI74
DOT1
APT2
YDR444W
YDR445C
ECM11
RPS17B
YHP1
PPN1
TSA2
YDR455C
HEH2
PFA5
STP1
RMT2
PKH3
YDR467C
SDC1
RPL27B
YDR474C
JIP4
YDR476C
PEX29
DIG2
PHO8
CWC21
VPS72
VPS60
PAC11
PKH1
YDR491C
IZH1
AIM8
RSM28
PUF6
ITR1
PLM2
SAM2
LPP1
SPG3
PSP1
YDR506C
GNP1
YDR509W
ACN9
EMI1
GRX2
YDR514C
SLF1
EMI2
GRH1
FPR2
URC2
SPS2
AGE1
API2
SNA2
HLR1
APA2
YDR532C
HSP31
FIT1
YDR535C
STL1
YDR537C
PAD1
YDR539W
IRC4
YDR541C
MXR1
MEI4
ACA1
SPO73
YER046W-A
SAP1
CAJ1
TPA1
JHD1
HOM3
PIC2
GIP2
FCY2
PCL6
FCY21
CEM1
HOR2
THO1
YER064C
ICL1
YER066C-A
YER066W
YER067C-A
RGI1
YER071C
VTC1
ALD5
RPS24A
PTP3
ICP55
YER079W
AIM9
SER3
GET2
YER084W
YER085C
YER087C-A
DOT6
PTC2
TRP2
MET6
YER091C-A
IES5
AIM11
RAD51
SHC1
YER097W
UBP9
AST2
MAM1
YER108C
FLO8
SWI4
TMN3
BOI2
SPR6
SLX8
SHO1
AVT6
YER119C-A
SCS2
YER121W
YCK3
DSE1
YER128W
SAK1
COM2
RPS26B
PMD1
YER134C
YER135C
YER137C
RTR1
YER140W
MAG1
DDI1
UBP5
FTR1
PEA2
SPI1
UBP3
YER152C
PET122
BEM2
YER156C
YER158C
SPT2
RAD4
YER163C
CHD1
DNF1
BCK2
ADK2
RAD24
GRX4
TMT1
ECM32
BMH1
PDA1
DMC1
ISC10
YER181C
FMP10
FAU1
YER184C
PUG1
YER186C
YER187W
YER188W
DEG1
MSH4
VTC2
YFL006W
BLM10
WWM1
AUA1
HXT10
YFL012W
IES1
YFL013W-A
HSP12
YFL015C
YFL019C
PAU5
GAT1
BUD27
BST1
GYP8
CAF16
AGX1
HAC1
YFL032W
RIM15
RPL22B
YFL034W
YFL035C-B
RPO41
YFL040W
FET5
YFL042C
YFL043C
OTU1
FMP32
RGD2
EMP47
SWP82
ALR2
YFL051C
YFL052W
DAK2
YFL054C
AGP3
AAD6
YFR006W
YFH7
FAR7
GCN20
UBP6
AIM13
YFR012W
IOC3
CMK1
GSY1
YFR016C
YFR017C
YFR018C
YFR020W
ATG18
ROG3
PES4
YFR024C
LSB3
ULI1
MET10
RPL2A
YFR032C
RPL29
QCR6
PHO4
YFR035C
IRC5
YFR039C
SAP155
ERJ5
DUG1
YFR045W
CNN1
BNA6
RMD8
YMR31
HXK1
YFR054C
IRC7
YFR056C
YFR057W
ERP6
RPN14
COG7
PMC1
BRP1
LEU1
YGL010W
PDR1
PUF4
YGL015C
KAP122
ATE1
CKB1
GET1
ALK1
PIB2
YGL024W
CWH41
SCW11
CGR1
RPL24A
AGA2
YGL034C
MIG1
YGL036W
PNC1
YGL039W
YGL041C
YGL042C
DST1
RIM8
YGL046W
TYW3
MST27
PRM8
ERV14
SDS23
YGL057C
PKP2
YBP2
PYC1
PUS2
SGF73
NPY1
AFT1
HNM1
DBP3
YGL079W
FMP37
YGL081W
YGL082W
SCY1
GUP1
YGL085W
MAD1
MMS2
MF(ALPHA)2
LIF1
PAN2
TOS8
YGL101W
VPS73
YGL108C
YGL109W
CUE3
YGL114W
SNF4
YGL117W
YGL118C
GPG1
MON1
MET13
SCS3
SNT2
YGL132W
ITC1
YGL138C
FLC3
YGL140C
HUL5
ROG1
YGL146C
RPL9A
ARO2
YGL149W
NUT1
YGL152C
PEX14
AMS1
YGL157W
RCK1
YGL159W
AIM14
YIP5
SUT1
RAD54
YRB30
YGL165C
CUP2
PMR1
HUR1
SPO74
KEM1
BUD13
SAE2
YGL176C
YGL177W
TOS3
ATG1
GTS1
HOS2
GCN1
DSD1
MDS3
YIP4
YGL199C
ARO8
KEX1
POX1
SIP2
MIG2
YPT32
NCS6
VAM7
SKI8
CLG1
KIP3
YGL217C
YGL218W
NIF3
EDC1
SDT1
OST5
MTC3
VID30
SHE10
SAP4
YGL230C
EMC4
TAN1
ADE5,7
YGL235W
MTO1
HAP2
KAP114
YGL242C
TAD1
RTF1
PDE1
ZIP2
HFM1
RTG2
HXK2
FZF1
ZRT1
ADH4
MNT2
VEL1
YPS5
YGL260W
PAU11
YGL262W
COS12
AML1
CUL3
PEX31
MUQ1
STF2
NMA2
YGR011W
YGR012W
MSB2
YGR015C
YGR016W
YGR017W
YGR018C
UGA1
YGR021W
YGR022C
MTL1
YGR025W
YGR026W
RPS25A
MSP1
YGR031W
GSC2
TIM21
RPL26B
YGR035C
ACB1
ORM1
YGR039W
KSS1
BUD9
YGR042W
NQM1
RME1
YGR045C
SCM4
YGR050C
YGR051C
FMP48
YGR053C
YGR054W
MUP1
PEF1
SPR3
ADE6
YGR066C
YGR067C
ART5
YGR069W
ROM1
YGR071C
UPF3
PEX8
YGR079W
TWF1
SLX9
MRP13
RPL11B
PIL1
PDC6
CTT1
NNF2
DBF2
DRN1
TPC1
ASK10
MDR1
PCP1
VMA21
VOA1
YGR107W
CLB1
CLB6
YGR110W
YGR111W
YGR117C
RPS23A
MEP1
YGR122C-A
YGR122W
PPT1
ASN2
YGR125W
YGR126W
YGR127W
SYF2
YGR130C
YGR131W
PHB1
PEX4
CAF130
PRE9
LSB1
YGR137W
TPO2
YGR139W
VPS62
BTN2
SKN1
THI4
YGR146C
RPL24B
YGR149W
YGR151C
RSR1
YGR153W
GTO1
CHO2
RTS3
YGR164W
KRE11
PUS6
PSD2
RBG2
CBP4
YGR176W
ATF2
PBP1
TIM13
YGR182C
QCR9
UBR1
HGH1
CRH1
TDH3
PDX1
XKS1
FYV8
SNG1
PMT6
ELP2
YGR201C
PCT1
YGR203W
YGR205W
MVB12
YGR207C
SER2
TRX2
YGR210C
SLI1
RTA1
RPS0A
CCH1
TOS2
HSV2
AZR1
AMA1
YGR226C
DIE2
YGR228W
SMI1
BNS1
PHB2
NAS6
PHO81
YHB1
YGR235C
SPG1
YGR237C
KEL2
PEX21
YAP1802
YGR242W
FMP43
LSC2
CPD1
SOL4
MGA1
YGR250C
ENO1
GND2
YGR259C
TNA1
APL6
SAY1
YGR266W
HUA1
YGR269W
YTA7
SLH1
IBI1
RTT102
RNH70
SCW4
YOR1
BGL2
YGR283C
ERV29
BIO2
YGR287C
MAL13
MAL11
YGR290W
YGR291C
MAL12
HSE1
SHU1
YHL008C
YAP3
BRP2
YHL012W
OTU2
YLF2
DUR3
YHL017W
APM2
OPI1
AIM17
SPO11
RMD11
RIM4
SNF6
YHL026C
RIM101
WSC4
OCA5
GUT1
RPL8A
SBP1
VMR1
MUP3
YHL037C
YHL039W
ARN1
YHL041W
YHL042W
ECM34
YHL044W
YHL045W
PAU13
ARN2
QCR10
YHR003C
NEM1
STP2
SOD2
YHR009C
VPS29
SPO13
MIP6
YSC84
YSC83
RPS27B
ECM12
YHR022C
DAP2
YHI9
SLT2
RRM3
YHR032W
YHR033W
PIH1
YHR035W
PUT2
MSC7
SRB2
DOG2
DOG1
YHR045W
INM1
AAP1
YHK8
YHR049C-A
FSH1
SMF2
CPR2
FYV4
GIC1
SSF1
HTD2
OSH3
PPE1
PTC7
NMD2
YHR078W
IRE1
YHR079C-B
YHR080C
LRP1
KSP1
NAM8
RTC3
HXT4
AHT1
HXT1
YHR095W
HXT5
YHR097C
SBE22
GRE3
YPT35
TRR2
GGA2
CTM1
ERP5
UBA4
YHR112C
YHR113W
BZZ1
COX23
TOM71
LSM12
EPT1
NDT80
YHR125W
ANS1
YHR127W
ARP1
YHR130C
YHR131C
ECM14
IGO2
NSG1
WSS1
YCK1
SPL2
ARO9
YHR138C
SPS100
YHR139C-A
YHR140W
CHS7
DSE2
CRP1
PEX28
MTC6
SPO12
SPO16
RTT107
YSP1
LIN1
REC104
KEL1
YHR159W
PEX18
YAP1801
YHR162W
SOL3
THP2
ATG7
FMO1
STB5
OYE2
YHR180W
SVP26
YHR182W
SSP1
PFS1
PTH1
CTF8
EGD2
NVJ1
AIM18
AIM46
RPN10
YHR202W
RPS4B
MNL1
SKN7
SET5
CRG1
YHR210C
YIL001W
INP51
EPS1
NAS2
URM1
EST3
DOT5
TIR3
YIL012W
PDR11
MNT3
YIL015C-A
BAR1
SNL1
VID28
YKE4
YIL024C
YIL025C
YIL028W
YIL029C
SSM4
YIL032C
CAP2
CKA1
CST6
PRM2
NOT3
APQ12
GVP36
PKP1
CBR1
AGE2
PIG2
SYG1
PCL7
RPL34B
RHR2
YIL054W
YIL055C
VHR1
RGI2
YIL058W
YIL059C
SEE1
FIS1
RNR3
YIL067C
PCI8
HOP1
SPO22
SER33
SEC28
YIL077C
AIR1
SDS3
KTR7
YIL086C
LRC2
AVT7
YIL089W
ICE2
YIL092W
PRK1
YIL096C
FYV10
FMC1
SGA1
YIL100W
XBP1
YIL102C
DPH1
SLM1
PFK26
YIL108W
MNI1
COX5B
HOS4
SDP1
POR2
PRM5
RPI1
QDR1
POG1
SIM1
AYR1
ASG1
FKH1
CSM2
RPL16A
FLX1
VHS2
OM45
TMA108
TPM2
REV7
AXL2
YIL141W
PAN6
ECM37
MLP2
ESL1
YIL152W
RRD1
IMP2'
GUT2
UBP7
AIM20
BNR1
POT1
YIL161W
SUC2
YIL163C
NIT1
YIL165C
YIL166C
SDL1
YIL168W
HXT12
VTH1
SGN1
MPH1
AIM21
IST3
YIR007W
GAT4
YIR014W
YIR016W
MET28
YAP5
MUC1
YIR020C
YIR020W-B
YIR024C
MND2
DAL1
DAL4
DAL2
DCG1
DAL7
DAL3
MGA2
YIR035C
IRC24
HYR1
GTT1
YPS6
YIR042C
YIR043C
SYS1
YJL007C
VTC4
MAD3
YJL016W
YJL017W
BBC1
YJL021C
YJL022W
APS3
YJL027C
YJL028W
MAD2
SNX4
IRC18
LOH1
MHP1
YJL043W
GYP6
YJL045W
AIM22
RTT101
UBX6
YJL049W
IRC8
PEP8
YJL055W
IKS1
BIT61
YHC3
BNA3
LAS21
YJL064W
DLS1
MPM1
YJL067W
YJL068C
YJL070C
JEM1
ICS3
PRY3
PRY1
IML2
TAX4
ALY2
SIP4
SRS2
TOK1
KHA1
BCK1
SAP185
CHS6
LSB6
GSH1
GSM1
SET4
IME2
YJL107C
PRM10
GZF3
MDV1
ASF1
NCA3
PHO86
YJL119C
YJL120W
RPE1
ALB1
MTC1
LSM1
NIT2
PBS2
URA2
YJL132W
MRS3
LCB3
YJL135W
RPS21B
GLG2
TIF2
YUR1
YAK1
IRC9
YJL144W
SFH5
IDS2
YJL147C
RPA34
DAS1
YJL150W
SNA3
YJL152W
INO1
VPS35
FBP26
CIS3
HSP150
YJL160C
FMP33
JJJ2
YJL163C
TPK1
HAL5
SET2
YJL169W
ASG7
YJL171C
CPS1
RPL17B
ATG27
YJL181W
YJL182C
MNN11
YJL185C
MNN5
SWE1
BUD19
RPS14B
SOP4
YJL193W
ELO1
UBP12
PHO90
MBB1
ECM25
YJL206C
YJL206C-A
NUC1
PEX2
YJL211C
OPT1
YJL213W
HXT8
YJL215C
YJL216C
REE1
YJL218W
AVT1
YJR003C
APL1
YJR008W
TDH2
SPC1
MET3
YJR011C
TMA22
YJR015W
TES1
YJR020W
REC107
MDE1
BNA1
YJR030C
GEA1
CPR7
RAV1
RAD26
HUL4
YJR037W
YJR038C
YJR039W
GEF1
POL32
VPS55
ANB1
CYC1
ISY1
OSM1
RAD7
BFA1
ERM6
APS2
PTK2
CBF1
YJR061W
NTA1
TOR1
HAM1
LIA1
OPI3
MOG1
HOC1
MIR1
BNA2
YJR079W
AIM24
EAF6
ACF4
YJR087W
EMC2
JSN1
BUD4
IME1
RPL43B
SFC1
YJR096W
JJJ3
YJR098C
YUH1
AIM25
URA8
ECM27
YJR107W
ABM1
YMR1
YJR111C
YJR115W
YJR116W
STE24
JHD2
YJR120W
YJR124C
ENT3
VPS70
RSF2
YJR128W
YJR129C
STR2
MNS1
XPT1
SGM1
MCM22
ECM17
HOM6
HIR3
YJR142W
YJR146W
HMS2
YJR149W
DAN1
DAL5
PGU1
YJR154W
MET14
BYE1
RPL14A
CAP1
LAC1
MRT4
UFD4
PUT3
HCS1
SPT23
YKL023W
PAN3
GPX1
YKL027W
MAE1
YKL030W
YKL031W
IXR1
YKL033W-A
TUL1
RGT1
PTM1
NFU1
VPS24
PHD1
YKL044W
DCW1
ANR2
ELM1
YKL050C
SFK1
MDM35
OAR1
TMA19
YKL061W
MSN4
YKL063C
MNR2
YET1
YKL066W
YNK1
NUP100
YKL069W
YKL070W
YKL071W
STB6
LHS1
MUD2
YKL075C
PSY1
YKL077W
SMY1
TEF4
HOT13
MDH1
SRX1
CYT2
CUE2
YKL091C
BUD2
MBR1
YJU3
CWP1
CWP2
YKL097C
MTC2
YKL100C
HSL1
YKL102C
LAP4
YKL105C
AAT1
YKL107W
HAP4
KTI12
RAD27
APN1
YKL115C
PRR1
SBA1
OAC1
DGR2
YKL123W
SSH4
PGM1
PMU1
MYO3
SHE2
YKL131W
RMA1
YKL133C
YKL136W
CMC1
TGL1
MRP8
AVT3
YKL147C
SDH1
DBR1
MCR1
YKL151C
RPS27A
APE2
YKL158W
RCN1
ELF1
YKL161C
YKL162C
PIR3
PIR1
TPK3
MRP49
KKQ8
YKL171W
TPO5
ZRT3
LST4
YKL177W
STE3
COY1
LOT5
SPE1
ASH1
YKL187C
PXA2
CNB1
DPH2
PEX1
PTK1
YKL199C
YKL200C
MNN4
YKL202W
LOS1
ADD66
LRC3
CBT1
TRP3
SAC1
DOA1
YRA2
YKL215C
URA1
JEN1
SRY1
FRE2
MCH2
YKL222C
OSH6
YKR005C
MEH1
FOX2
TOF2
YKR011C
YKR012C
PRY2
YPT52
YKR015C
AIM28
YKR017C
YKR018C
IRS4
VPS51
ALY1
YKR023W
DBP7
GCN3
BCH2
SAP190
SET3
GMH1
SPO14
YKR032W
YKR033C
DAL80
OPI8
DID2
CAF4
GAP1
YKR040C
YKR041W
UTH1
YKR043C
UIP5
YKR045C
PET10
YKR047W
NAP1
FMP46
TRK2
YKR051W
MRS4
YSR3
DYN1
RHO4
TRM2
RPS21A
GLG1
TIF1
UTP30
KTR2
OAF3
PAM17
CCP1
GPT2
MET1
YKR070W
SIS2
AIM29
ECM4
MSA2
YKR078W
MTD1
NUP133
HBS1
OMA1
TVP38
TGL4
PXL1
SRL3
SRP40
PTR2
RPL40B
MLP1
ESL2
PCK1
UBP11
BAS1
SKG1
FLO10
NFT1
YKR104W
VBA5
YKR106W
DNM1
RTT109
SPO75
MMM1
PSR1
YEH1
PUF3
EMC6
BPT1
SDC25
YLL017W
KNS1
YLL020C
SPA2
YLL023C
SSA2
PAU17
HSP104
TPO1
FRA1
YLL032C
ENT4
UBI4
VPS13
SDH2
ATG10
FPS1
RPL8B
RNP1
YLL047W
YBT1
LDB18
FRE6
AQY2
YLL053C
YLL054C
YCT1
YLL056C
JLP1
YLL058W
YLL059C
GTT2
MMP1
MHT1
AYT1
YLR001C
CMS1
THI73
SSK1
LOT6
YLR012C
GAT3
PPR1
BRE2
PML1
MEU1
POM34
PSR2
YEH2
IRC25
IZH3
UBR2
ADE16
YLR030W
YLR031W
RAD5
SMF3
MLH2
YLR036C
DAN2
COX12
RIC1
YLR040C
YLR041W
YLR042C
TRX1
PDC1
YLR046C
FRE8
RPS0B
YLR049C
YLR050C
YLR053C
OSW2
ERG3
YLR057W
SHM2
REX2
RPL22A
BUD28
YLR063W
YLR064W
YLR065C
XYL2
YLR072W
YLR073C
FMP25
SIC1
EMP46
GAL2
SRL2
EMP70
RAX2
ARP6
CSF1
ALT1
XDJ1
SUL2
NYV1
GIS3
IOC2
KIN2
HRT3
CHA4
ICT1
APC9
YLR104W
REX3
YLR108C
AHP1
CCW12
YLR111W
YLR112W
HOG1
AVL9
YLR118C
SRN2
YPS1
YPS3
YLR122C
YLR123C
YLR124W
YLR125W
YLR126C
DCN1
ZRT2
ACE2
CKI1
PDC5
SLX4
TIS11
YLR137W
NHA1
PUT1
YLR143W
ACF2
SPE4
YLR149C
STM1
PCD1
YLR152C
RNH203
YLR164W
PUS5
UPS2
YLR169W
APS1
YLR171W
DPH5
YLR173W
IDP2
RFX1
YLR177W
TFS1
YLR179C
SAM1
VTA1
SWI6
TOS4
YLR184W
RPL37A
SKG3
MDL1
ATG26
MMR1
PEX13
UPS1
YLR194C
PBA1
YKE2
HMX1
ENT2
HRD3
PNP1
CLB4
YLR211C
CRR1
FRE1
CPR6
YLR217W
YLR218C
MSC3
CCC1
RSA3
YLR224W
YLR225C
ADY4
ECM22
BNA5
YLR232W
EST1
YLR236C
THI7
FAR10
LIP2
YLR241W
ERF2
IRC20
RCK2
SSP120
SYM1
YLR252W
YLR253W
NDL1
YLR255C
YLR257W
GSY2
VPS63
YPT6
TMA7
RED1
RPS28B
NEJ1
PDR8
BOP2
YLR269C
YLR271W
PIG1
YLR278C
YLR279W
YLR280C
YLR281C
YLR282C
YLR283W
ECI1
NNT1
CTS1
YLR287C
RPS30A
GUF1
YLR290C
SEC72
YLR294C
YLR296W
YLR297W
ECM38
EXG1
MET17
UBC12
CDA1
CDA2
IMH1
YLR311C
QNQ1
SPH1
NKP2
BUD6
MMS22
PEX30
RPL38
YLR326W
TMA10
NMA1
REC102
CHS5
MID2
RPS25B
YLR334C
NUP2
VRP1
SPO77
FKS1
GAS2
RPL26A
YLR345W
YLR346C
DIC1
YLR349W
NIT3
YLR352W
BUD8
TAL1
YLR356W
RSC2
VPS38
DCR2
NMD4
GRX8
YLR365W
YLR366W
RPS22B
MDM30
ROM2
SUR4
VID22
YLR374C
STP3
PSY3
FBP1
CSR1
CTF3
IKI3
SWC7
VAC14
REH1
RPS29A
STE23
ECM19
CCW14
YLR391W
YLR392C
ATP10
CST9
COX8
SKI2
YLR400W
DUS3
YLR402W
FLD1
DUS4
RPL31B
YLR407W
YLR408C
VIP1
BER1
YLR413W
YLR414C
YLR415C
YLR416C
CDC73
URA4
RPN13
YLR422W
ATG17
MAG2
YLR428C
CRN1
ATG23
IMD3
CNA1
YLR434C
ECM30
DIF1
CAR2
RPS1A
ECM7
YLR444C
YLR445W
YLR446W
RPL6B
FPR4
HMG2
LEU3
SST2
RIF2
FMP27
YLR455W
YLR456W
YLR460C
PAU4
YPT7
YML002W
YML003W
GLO1
TRM12
GIS4
YAP1
ERG6
MRPL39
YML010C-B
RAD33
YML012C-A
ERV25
PPZ1
PSP2
YML018C
OST6
YML020W
UNG1
RPS18B
YOX1
TSA1
USA1
AIM31
RAD52
YML033W
SRC1
AMD1
YML035C-A
YML037C
YMD8
VPS71
CAT2
PRM6
GSF2
YML048W-A
AIM32
GAL80
SUR7
YML053C
CYB2
SPC2
IMD4
CMP2
YML058C-A
SML1
NTE1
OGG1
RPS1B
SMA2
ERV41
ITT1
DAK1
COG8
TCB3
FPR3
HMG1
WAR1
ATP18
YML090W
RAD10
YML096W
VPS9
ARG81
TSL1
YML100W-A
CUE4
YML102C-A
CAC2
NUP188
MDM1
URA5
PML39
YML108W
ZDS2
BUL2
CTK3
DAT1
ATR1
NAB6
YML117W-A
NGL3
YML119W
NDI1
GTR1
PHO84
TUB3
MSC1
YML131W
MIC17
AIM34
MVP1
PLB2
YMR007W
PLB1
ADI1
YMR010W
HXT2
CLU1
ERG5
SOK2
SPO20
YMR018W
STB4
FMS1
UBC7
MSS1
CSI1
PEX12
YMR027W
FAR8
RSF1
YMR031C
YMR031W-A
YMR034C
IMP2
MIH1
MSN2
SUB1
YET2
ARA2
ARG80
IOC4
CSM3
YMR052C-A
FAR3
STB2
STV1
BUB2
AAC1
YMR057C
FET3
SAM37
RIM9
KAR5
UBX4
AVO2
MOT3
IRC21
YMR074C
YMR075C-A
RCO1
CTF18
NAM7
YMR085W
YMR086C-A
YMR086W
YMR087W
VBA1
AIP1
SNO1
SNZ1
YMR099C
MUB1
SRT1
YMR102C
YMR103C
YPK2
PGM2
YKU80
SPG4
MYO5
HFD1
YMR111C
YMR114C
MGR3
ASC1
YMR118C
ASI1
YMR119W-A
ADE17
RPL15B
YMR122C
PKR1
YMR124W
DLT1
SAS2
POM152
YMR130W
JLP2
REC114
GID8
GAT2
PSO2
CIN4
RIM11
SIP5
YMR141C
RPS16A
YMR144W
NDE1
YMR147W
YMR148W
YIM1
YMR153C-A
NUP53
RIM13
YMR155W
TPP1
AIM36
YMR158C-A
YMR158W-A
ATG16
YMR160W
HLJ1
DNF3
INP2
MSS11
YMR166C
MLH1
ALD3
ALD2
EAR1
YMR172C-A
HOT1
DDR48
YMR173W-A
PAI3
SIP18
ECM5
MMT1
YMR178W
CTL1
YMR181C
RGM1
SSO2
HSC82
YMR187C
GCV2
SGS1
SPG5
GYL1
YMR193C-A
YMR194C-A
RPL36A
ICY1
YMR196W
CIK1
CLN1
RAD14
ERG2
INP1
PFK2
YMR206W
HFA1
YMR209C
YMR210W
SCJ1
GAS3
SKY1
ESC1
FMP42
FSH2
UBP8
MRE11
MRPL44
TMA29
RPS10B
FUS2
TRI1
RNH1
BCH1
DFG5
YHM2
ZRC1
YMR244C-A
YMR244W
YMR245W
FAA4
RKR1
GAD1
GTO3
HOR7
YMR252C
YMR253C
YMR254C
GFD1
COX7
YMR258C
YMR259C
TPS3
YMR262W
SAP30
CUE1
YMR265C
RSN1
TMA23
URA10
SCS7
ZDS1
RCE1
BUL1
DSK2
PGM3
YMR279C
CAT8
AEP2
RIT1
YKU70
NGL2
ABZ2
YMR291W
GOT1
JNM1
YMR294W-A
IBI2
PRC1
DYN3
ADE4
YME2
ADH2
YMR304C-A
UBP15
SCW10
YMR306C-A
FKS3
GAS1
YMR310C
GLC8
ELP6
TGL3
YMR315W
YMR316C-A
YMR316C-B
DIA1
YMR317W
ADH6
FET4
YMR320W
YMR326C
DOM34
PET8
HRB1
ASI3
IDP3
YNL010W
YNL011C
SPO1
YNL013C
HEF3
PBI2
PUB1
ARK1
HDA1
YNL022C
FAP1
YNL024C
CRZ1
YNL028W
KTR5
HHF2
HHT2
SIW14
YNL034W
YNL035C
IDH1
YNL040W
COG6
BOP3
YNL043C
YIP3
YNL045W
YNL046W
SLM2
SFB2
YNL050C
COG5
COX5A
MSG5
OCA2
YNL057W
YNL058C
MTQ1
YDJ1
AQR1
SUN4
RPL9B
FKH2
TOM7
LAT1
RNH201
MLF3
MKS1
APJ1
NIS1
TPM1
EOS1
SWS2
PMS1
SAL1
MKT1
YNL086W
TCB2
YNL089C
RHO2
NST1
YNL092W
YPT53
APP1
YNL095C
RPS7B
PHO23
RAS2
OCA1
AIM37
AVT4
LEU4
YNL105W
YAF9
YNL108C
YNL109W
CYB5
YNL115C
DMA2
NCS2
YNL120C
TOM70
YNL122C
NMA111
ESBP6
FAR11
TEP1
NRK1
CPT1
YNL134C
FPR1
EAF7
YNL140C
AAH1
MEP2
YNL143C
YNL144C
YNL146W
LSM7
GIM3
YCK2
YNL155W
NSG2
IGO1
ASI2
CIT1
ATO2
YNR004W
YNR005C
VPS27
ATG3
LRO1
NRM1
CSE2
URK1
PHO91
YNR014W
SMM1
AIM38
ARE2
ATP23
YNR021W
MRPL50
MPP6
YNR025C
BUD17
CPR8
YNR029C
ALG12
SSK2
HUB1
PPG1
ABZ1
SOL1
ZRG17
YNR040W
COQ2
YNR042W
AGA1
FPK1
YNR048W
MSO1
BRE5
HOL1
BIO4
BIO3
MNT4
FRE4
YNR061C
YNR062C
YNR063W
YNR064C
YNR065C
YNR066C
DSE4
BSC5
YNR071C
YNR073C
AIF1
COS10
PHO80
IZH2
PFA4
SIN3
TOP1
CSI2
COQ10
MDM12
PLB3
HRD1
YOL013W-A
YOL014W
IRC10
CMK2
ESC8
TLG2
YOL019W
TAT2
YOL024W
LAG2
MDM38
YAP7
YOL029C
GAS5
SIL1
OPI10
YOL035C
YOL036W
YOL037C
RPP2A
NOP12
NGL1
NTG2
PEX15
PSK2
YOL046C
YOL047C
YOL048C
GSH2
YOL050C
SPE2
YOL053C-A
AIM39
PSH1
THI20
GPM3
YOL057W
GPD2
MAM3
PRS5
APM4
CRT10
MET22
INP54
RTG1
HST1
NBA1
EMI5
YOL073C
YOL075C
YOL079W
REX4
IRA2
ATG19
YOL083W
PHM7
YOL085C
ADH1
DUF1
MPD2
HAL9
MSH2
SPO21
YOL092W
TRM10
HMI1
YOL098C
YOL099C
IZH4
ITR2
NDJ1
WSC3
YOL106W
YOL107W
INO4
ZEO1
SHR5
MDY2
MSB4
SKM1
YOL114C
MSN1
RRI2
YOL118C
MCH4
SMF1
TRM11
MDH2
YGK3
VPS68
YOL131W
GAS4
PFK27
BSC6
PPM2
PEX11
YOL150C
GRE2
FRE7
YOL153C
HPF1
ENB1
YOL159C
YOL160W
YOL162W
YOL163W
ALG6
YSP3
DNL4
TSR3
SGT2
YOR008C-A
TIR4
TIR2
AUS1
YOR012W
IRC11
RTS1
YOR015W
ERP4
PET127
ROD1
YOR019W
YOR021C
YOR022C
AHC1
YOR024W
HST3
BUB3
STI1
CIN5
YOR029W
DFG16
CRS5
HMS1
EXO1
AKR2
SHE4
CYC2
HIR2
CKB2
GLO4
YOR041C
CUE5
WHI2
IRC23
TOM6
STD1
RSB1
YOR050C
YOR051C
YOR052C
YOR053W
VHS3
YOR055W
ASE1
YOR059C
CKA2
YOR062C
YNG1
CYT1
MSA1
ALG8
VAM10
VPS5
GYP1
NRT1
YOR072W
SKI7
BUD21
ATX2
DIA2
TGL5
YOR082C
WHI5
LPX1
OST3
TCB1
YVC1
YOR088W
VPS21
PTC5
TMA46
ECM3
CMR2
ARF3
YOR097C
KTR1
CRC1
RAS1
PIN2
YOR105W
VAM3
RGS2
LEU9
INP53
YOR111W
CEX1
AZF1
YOR114W
TRS33
RTC5
GCY1
YOR121C
LEO1
UBP2
CAT5
IAH1
RGA1
ADE2
AFI1
YOR131C
VPS17
EFT1
BAG7
IRC14
IDH2
SIA1
RUP1
YOR139C
SFL1
LSC1
ELG1
YOR152C
PDR5
SLP1
ISN1
NFI1
PNS1
YRR1
DDP1
GET4
SEY1
SWT1
RPS28A
YOR170W
LCB4
YRM1
DCS2
ALE1
MPC54
GAC1
SYC1
DCI1
RPS30B
FYV12
SER1
GSP2
YOR186W
MSB1
IES4
SPR1
ULS1
THI72
PEX27
SLK19
LIP5
MCA1
PTP2
NPT1
SAS5
YOR214C
AIM41
RUD3
STE13
RCN2
MCT1
ODC2
YOR223W
YOR225W
ISU2
HER1
YOR228C
WTM2
WTM1
MKK1
KIN4
IRC13
HES1
YOR238W
ABP140
YOR240W
SSP2
PUS7
DGA1
YOR246C
SRL1
YOR248W
TUM1
TMA16
NAT5
OSW1
YOR263C
DSE3
RBL2
PNT1
HRK1
YOR268C
PAC1
VPH1
FSF1
TPO4
MOD5
RIM20
CAF20
YOR277C
RFM1
FSH3
YOR283W
HUA2
YOR285W
AIM42
MPD1
YOR289W
YPK9
YOR292C
RPS10A
YOR296W
MBF1
MUM3
BUD7
YOR300W
RAX1
YOR304C-A
ISW2
MCH5
SLY41
SNU66
YOR309C
DGK1
SPS4
YOR314W
SFG1
COT1
FAA1
YOR318C
GNT1
PMT3
LDB19
FRT1
YOR325W
SNC2
PDR10
YOR333C
MRS2
TEA1
YOR338W
UBC11
YOR342C
YOR343C
TYE7
YOR345C
REV1
PYK2
PUT4
CIN1
MNE1
MEK1
YOR352W
MSC6
GDS1
YOR356W
SNX3
HAP5
VTS1
PDE2
PIP2
YOR364W
YOR365C
YOR366W
SCP1
RAD17
GPB1
ALD4
GDH1
YOR376W
ATF1
YOR378W
YOR379C
RDR1
FRE3
FIT2
FIT3
FRE5
YOR385W
PHR1
HAT1
ULA1
LSP1
CHL1
YPL009C
YPL014W
HST2
IRC15
CTF19
VTC3
ECM23
RAD1
MET12
YPL025C
SKS1
SMA1
TRM44
SVL3
SRL4
YPL034W
YPL035C
PMA2
EGD1
MET31
YPL039W
YPL041C
ELC1
SGF11
CAM1
ARL3
OAZ1
KTR6
LEE1
LGE1
YPL056C
SUR1
PDR12
LPE10
ALD6
YPL062W
CWC27
YPL066W
YPL067C
YPL068C
BTS1
MUK1
YPL071C
UBP16
YPL073C
YTA6
RPL21B
YPL080C
RPS9A
ELP3
YDC1
YPL088W
RLM1
RPS6A
GLR1
SSU1
EEB1
PNG1
MGR2
AIM43
ATG21
ELP4
YPL102C
FMP30
SYH1
SSE1
YPL107W
YPL108W
YPL109C
GDE1
CAR1
PEX25
YPL113C
YPL114W
BEM3
HOS3
DBP1
VPS30
MEI5
RNY1
HHO1
SPO19
RDS2
ODC1
ISU1
YPL136W
GIP3
SPP1
UME1
MKK2
YPL141C
POC4
KES1
PXA1
ATG5
YPL150W
RRD2
PEP4
KIP2
PRM4
TGS1
AIM44
PET20
BEM4
YPL162C
SVS1
MLH3
SET6
ATG29
REV3
YPL168W
DAP1
OYE3
COX10
NIP100
TRE1
CUP9
CBC2
PPQ1
TCO89
CTI6
YPL182C
RTT10
RTC6
MRN1
YPL185W
UIP4
MF(ALPHA)1
GUP2
YPL191C
PRM3
DDC1
APL5
OXR1
YPL197C
RPL7B
YPL199C
CSM4
YIG1
AFT2
TPK2
YPL205C
PGC1
TYW1
RKM1
PUS1
LEA1
THI6
YPL216W
PCL8
RPL1A
FLC1
FMP40
GRE1
MMT2
YPL225W
NEW1
ALG5
YPL229W
USV1
SSO1
ENV7
YAR1
HSP82
CIN2
HUT1
YPL245W
RBD2
YPL247C
GAL4
GYP5
ICY2
VIK1
CLN2
YPL257W
THI21
APM1
YPL260W
YPL261C
FUM1
KEL3
YPL264C
DIP5
ACM1
KAR9
MDL2
YPL272C
SAM4
SAM3
CIT3
PDH1
YPR003C
AIM45
HAL1
ICL2
REC8
HAA1
SUT2
YPR011C
YPR012W
CMR3
YPR014C
YPR015C
DSS4
RLF2
ATP20
AGC1
YPR022C
EAF3
YME1
ATH1
YPR027C
YOP1
APL4
CSR2
NTO1
SRO7
ERV2
IRC16
YPR039W
TIP41
PUF2
RPL43A
OPI11
YPR045C
MCM16
YPR050C
MAK3
NHP6A
YPR053C
SMK1
BRR1
YMC1
YPR059C
ARO7
JID1
FCY1
YPR063C
YPR064W
ROX1
UBA3
HOS1
SPE3
MED1
YPR071W
LTP1
TKL1
OPY2
YPR076W
YPR077C
YPR078C
MRL1
MDM36
YPR084W
YPR089W
YPR090W
YPR091C
YPR092W
ASR1
SYT1
YPR096C
YPR097W
YPR098C
ISR1
YPR109W
DBF20
YPR114W
GCA1
YPR117W
MRI1
CLB2
CLB5
THI22
AXL1
YLH47
YPR126C
YPR127W
ANT1
SCD6
YPR130C
MSS18
CTF4
MEP3
TAZ1
KAR3
ASN1
YPR146C
YPR147C
YPR148C
NCE102
YPR150W
SUE1
URN1
YPR153W
PIN3
NCA2
TPO3
YPR157W
CUR1
GPH1
MMS1
MET16
YPR170C
BSP1
YPR172W
YPR174C
HDA3
GDB1
ATG13
MLC2
SKI3
QCR2
AQY1
HPA2
OPT2
YPR195C
YPR196W
YPR197C
SGE1
ARR1
ARR2
ARR3
