SXM1
SYF2
YPR098C
HST2
APA1
YLR031W
YGR053C
YCR101C
SBH1
FSH3
ASK10
PHO12
PAN3
YKR011C
YDR348C
YOR024W
RTT10
CUL3
YBL095W
YBP2
WHI5
PEX3
CRG1
HAA1
PTP3
ACK1
REG2
cdc48-2
MOH1
YDR134C
GIP2
HNT2
cof1-5
YBR206W
YCR061W
COX6
OYE3
CTR1
PMR1
YBR292C
GPI16_damp
ARF3
abd1-5
YBR063C
HOM3
PBP1
DLS1
PPM2
YHR095W
YBR271W
FMP42
RVS167_damp
COM2
ESC2
erg10-1
YGR266W
PXA1
ECM7
FUN19
TIP1
RPC19_damp
OCA4
prp6-1
YPR084W
YBR184W
YGR035C
STP22
FMP45
SIT1
PIB1
COX23
YFR018C
CAP1
NOP6
PUS4
HSP60_damp
FRT1
YNL134C
YKL100C
YAL043C-A
ECM23
ECM37
QDR2
NRP1
THI6
BIT2
YOR228C
YML020W
MEP1
PMT1
PCS60
SSO2
MOD5
QCR8_damp
YOL035C
HMG1
TOM1
PIG1
YLR434C
SAS4
YCL056C
TAX4
MKK2
BUB3
YCK3
DYN1
MUP1
YMR315W
LTE1
YKL202W
YKL187C
NKP1
OAR1
ARO3
YBL062W
PEX18
VBA4
DUR1,2
UBP3
XYL2
BUD9
YHR097C
SGF11
YPL014W
MUQ1
ATR1
BSC6
YFL043C
YRA2
CEM1
DBP1
HNT1
KNS1
SIP3
YGL199C
BUD4
YDR010C
YBL059W
CTP1
YDR262W
YFL012W
IPT1
CSN9
RHR2
HLJ1
HSP78
YDR467C
SUT1
SLM2
RGT1
DAK2
UTP30
ARR2
PEX28
GIP1
SUB1
YPR127W
RAD9
RPL9A
RVB2_damp
VPS70
ATH1
YDL038C
OSH3
YHR125W
RCE1
PLB1
YER119C-A
MCA1
cdc28-13
SWS2
CWP2
YDR532C
YDR049W
dbf4-3
YJL043W
IRE1
SSK1
BSP1
OCA5
TFS1
RPS1B
SER1
FLR1
VPS74
kre5-ts2
ERG12_damp
NCL1
HIM1
LOH1
NRG1
DAP2
srm1-ts
MGR1
ROG3
HIR1
YMR178W
COQ10
YSC83
SNO1
AIM18
SKI7
OST2_damp
ALG9
YGL015C
CLB4
CAP2
PEP3
YOR342C
NBA1
YLR124W
CBR1
PHB2
RPL26B
RSN1
HDA1
YPL107W
CTT1
BUD31
STP4
YPR097W
OCA2
ATS1
YDL025C
AAD4
MDS3
HXT4
YBR090C-A
YOL159C
AIF1
ATG26
RAD52
CAF16
TGL5
gab1-1
DTD1
YKR040C
THI3
YLR374C
CTM1
BNA3
ALD6
GRX4
FCY1
CRF1
DIT2
DAN2
YAP1802
PYC1
BRR1
YIL012W
RPA14
RSM7
YLR416C
YMR155W
YGR164W
YOL106W
AXL2
GLO2
YOR238W
YPR077C
AGA1
MRP8
SUT2
YHR032W
YGL079W
SSK2
YMR086C-A
YMR244W
TRI1
PSR1
LEU4
EPS1
YOR365C
ALG12
SNT2
YDL162C
YNR040W
YHR033W
SOL1
YDL071C
DCS2
TEA1
VPS73
FMP43
NRD1_damp
RGS2
YGR210C
YLR012C
OSW2
EGD2
DNL4
YPR147C
PHO3
YLR391W
SSP2
YJL028W
FMP25
SWI3
RSF2
YCR007C
RIF2
HTA1
ATP20
YJR003C
SPL2
XBP1
YPR114W
GUP2
YPL247C
CWC21
SHP1
ALB1
YKL107W
UBI4
YER085C
HSC82
HCM1
YPR091C
YOL083W
ARK1
MET13
GDH2
YCR022C
TAL1
FAR7
YCL026C
DPP1
IES1
SFK1
YPR174C
IRC2
mcm10-1
ECM2
CDA2
YHL042W
FAR8
FKH2
THI22
YGL157W
YMR148W
SML1
UGA1
SHM1
YJL049W
YDR286C
OPI11
ECM13
POM34
TUM1
YOR186W
RRP8
HRK1
AHP1
HMS1
TMA46
TIF1
KTR3
SEC72
CPR6
PER1
BAP3
YGR069W
SRS2
YML018C
GIS1
YLR445W
RUP1
FYV4
NHA1
wbp1-1
NSG2
YPT53
tim22-19
APQ12
SNX41
RPL43B
dam1-9
SSD1
SMM1
RPL14A
YLR456W
ADA2
YIL166C
MSH6
YER184C
cdc26-1
MPM1
MDM30
SRB2
YDR474C
RTC2
NAM8
MSH4
smc3-42
CAT5
YLR065C
CLA4
ODC1
ICP55
cdc3-1
YNL122C
SGF73
PUS2
KAP123_damp
AIM31
PEX13
DIA1
RHB1
SAP30
SKM1
GRH1
YBR197C
NUP42
YGL034C
SNG1
PHO2
YAL058C-A
PSP1
SYP1
MSH5
YBL036C
ARO8
PEX11
YFH7
LCB2_damp
UPF3
TRK1_damp
YJR008W
JEN1
PMA2
SGF29
arp9-1
MDE1
AIM13
CST26
CTA1
YAL065C
RPL22A
YLR171W
TOS1
PRY3
cop1-1
YMR114C
YJL152W
YJL067W
PBY1
PMP2
HFM1
ALD4
SAP190
YNR062C
YHL026C
SPO13
YCR016W
PEA2
YJL147C
GPR1
HSP31
EDC1
EHT1
YML012C-A
MNT4
THG1_damp
PTC4
YOR376W
YCL023C
CPR2
OAF1
YOL162W
RKM2
YJR124C
IDP2
FRM2
CLB1
SVF1
YCL013W
SRP40
YLR269C
SWC7
SPO23
SAN1
PUG1
BRP1
GIP4
HRD1
YGR139W
ALT1
YKL222C
GTO1
PRS5
IOC3
CHA1
AIM8
YLR345W
HCR1
RBL2
MIC14
YOR333C
UFD2
YBR141C
TSA2
FUN14
PKH1
HST4
VPS38
YKL070W
LSC1
CPR5
RMD11
PUS5
YOR283W
YMR052C-A
ERM6
YOR053W
GFD1
YDR029W
MRH1
PEP4
YNL043C
MET32
HEF3
GLC3
MID1
YPK2
PUT4
SIC1
YOR097C
SBE22
MDH2
YOL107W
pri2-1
MSP1
SIP4
PRR1
WSS1
YOR022C
SLX1
PPT1
FMP21
alg1-1
YLR290C
CIK1
AIM4
AIM38
rfc5-1
PEX1
TPO2
ARP1
ECM30
NAT5
ret2-1
SLM1
DIT1
VPS17
YPR092W
SNA2
UBC8
THI72
SAP4
ICL1
OPT2
SUR7
APM2
PAU13
LAS21
RPS0B
BGL2
YMR196W
NTC20
FCY2
ECM38
ECM10_damp
STB5
prp18-ts
SLK19
BOI2
RPS14B
VEL1
EUG1
INP51
ALY1
NMA1
HTA2
PHO91
MIR1
psf1-1
YJL120W
YPR078C
RAD6
YKU70
YUR1
YDL129W
FPR4
stu2-12
IRC25
MET1
YMR317W
POG1
SFH5
ERV2
EMP46
YJR149W
SGE1
YLR173W
YNL115C
cdc11-5
CYC8
YLR123C
YOR345C
YNR065C
RMA1
FMP40
COX8
SAS3
EMC1
YNL011C
RDI1
BCH1
PGA3_damp
VHS3
YMR158C-A
RPS0A
AZR1
YLR455W
YMR130W
INO1
YPS5
CAF4
PEX5
YER097W
ASR1
PCL6
FTH1
TAT1
RPL6A
RAX2
CLG1
UBA3
IRC14
ICT1
UBC13
DIA2
FYV10
PEP8
YNR025C
PPR1
AVT4
KAP114
SPC2
YFL052W
PEX4
AMD1
YDR357C
SOK1
cog3-1
TSL1
UBP9
YDR401W
THI13
ATG14
HUR1
THI21
IRC4
CST6
RPL13A
YJL215C
YOR088W
ERI1
CDA1
YML119W
SAM4
YIG1
YLR046C
YHR003C
YFL019C
YPL025C
ATG7
RFC3_damp
SLX8
IDH2
prp28-101
RAP1_damp
GRX8
YGR137W
BTN2
BRR2_damp
GTB1
RPL41A
EBS1
PTK1
YLR112W
APL3
SPG3
YBL083C
PUF2
DAL5
YDR215C
AAC3
PSY1
INO80_damp
AAT1
DUG2
ATG8
wbp1-2
DNM1
PFK27
ORM1
YIL077C
NUP53
SPO14
YPL264C
ECM14
SPR6
GCD2_damp
APT2
ARX1
RPL15B
YLF2
tsc11-1
YIL054W
CBK1_damp
ELP6
FIT2
MSS11
YOR214C
MAD2
nop2-9
YJR096W
PKP2
mps1-1
TCB2
MIP6
RPL17B
SAM2
PNC1
EAF1
YLR073C
KIN3
ADH7
CEX1
SHG1
TKL1
YHR162W
YFR020W
TMA7
CCH1
MSB2
ULA1
MEU1
YLR297W
FET4
UGX2
YMR119W-A
PCL2
SDL1
RPL35B
YOR152C
CCR4_damp
RRI1
BAP2
ANS1
SOD2
PHO80
BUL2
SOK2
YKL023W
PEP1
SMI1
YDR015C
ECM3
cdc14-2
CSE2
JHD2
HAT1
FRE3
YDR249C
MNE1
smc1-259
YNL105W
NIC96_damp
TPO5
SHM2
AAT2_damp
ADE16
CTS1
CHK1
SPT21
SER3
KGD2
YER067C-A
YHC3
ASG1
YGL108C
PIB2
SEF1
MEK1
PIN4
YFR035C
YDR042C
SFA1
GAL1
FUN30
RAD23
YDL114W
YHR139C-A
UBX7
FUS1
PSK1
CLN1
YJL022W
ADE4
YBL053W
RGI2
PFK26
YPS1
YPR089W
YAP1
YPL039W
MSH1
THI7
YCL076W
SLA1
RPL36A
RPL22B
YNR064C
ART5
IRC15
DAN3
GLO1
GSG1
ERG2
MAL12
SFL1
SLM6
YKL102C
sec17-1
SSP120
TGL2
CCP1
YNL040W
YIP5
VTS1
AGP3
arc15-10
ROM1
YIL086C
TIM13
SUV3
TMA20
CBS2
SMT3_damp
COX10
MMT2
ADH3
TPP1
PIL1
YOL013W-A
YOR1
ARE1
ARR3
PEX19
DLT1
BNA7
FIR1
RPS30B
YMR194C-A
XKS1
SOL3
YMR265C
SUC2
ODC2
RTG3
YAR043C
RPL34B
ESC8
HAP3
YBR242W
ufd1-2
GAS5
YLR301W
HUL5
AFT2
HEH2
HST1
AVL9
YPR071W
RCK2
MTQ1
DUG1
BUD27
YFL032W
TBS1
YGL176C
MNN10
YDR149C
NOP58_damp
ENO2
RPS1A
YFR012W
YBR204C
MMF1_damp
YLR283W
BUD13
PMT6
YDR061W
PDR3
YIL108W
RTS2_damp
CCZ1
ASE1
YBL104C
RXT2
taf8-7
MIS1
DDR48
MCH2
RAX1
UGA4
nip7-1
MRS4
sec9-4
HAL9
LCB4
PCL7
TRX1
CRS5
HES1
NRM1
HOS2
COX12
VAM3
YPR130C
RPS30A
DAL82
YLR118C
hyp2-1
YDR387C
PCI8
STB3
PDA1
YDR514C
MUC1
YGL177W
YDR333C
YMR210W
YDR124W
YOR338W
KTR2
DOT6
OPI7
MRS2
AGC1
GND2
PCK1
cdc12-1
SPG4
YHP1
VAC17
SOP4
DAL1
ERV46
VMA13
NAS2
DFG16
ACM1
SVP26
AUR1_damp
ZRC1
YCR049C
YHR180W
YNL057W
YNL045W
YPL080C
KAR3
YJR061W
URC2
RNH1
mtr4-1
VAM7
LCB3
cmd1-8
FMP27
YOR105W
VPS41
MNR2
VIK1
YBL096C
VPS63
YDR089W
CCW14
DOG2
ATG1
SNT309
AFR1
YPR146C
pkc1-4
YLR278C
DIC1
RCK1
FRT2
NHP10
SWP1_damp
BMH2
YJL213W
YER108C
SKY1
SPH1
FKS3
RAD59
VMR1
YJR116W
RDH54
YPR064W
HPC2
ASM4
PPM1
cdc1-2
YMR144W
YHR079C-B
HOR2
ATG15
mak21-1
MAK3
CDC50
YOR285W
YLR253W
ALR1_damp
HTD2
HAP2
PNT1
TCM62
ssl1-T242I
TRM1
VTC4
YGR151C
FAA4
SAP185
AKL1
YDR445C
mps1-417
YPS6
YAR047C
SMA2
PLM2
MSG5
YKR043C
RGP1
URH1
SWC5
sec61-2
PCD1
ECM34
ATG18
GTR1
PDC6
LSC2
ZRT1
INM1
ERP4
cdc27-1
HAL1
HSV2
SWD1
ECM12
YDR537C
APJ1
ZRT3
RAS1
YMR262W
COG7
ESBP6
APN2
orc2-2
QDR3
BRE4
CUE4
VPS20
REC8
YIL067C
COY1
SIP2
BAS1
SEC66
MED2
HHT2
YGR226C
MBP1
NDI1
SRP101_damp
FRE5
SPA2
COX14
YIL059C
YBR220C
PDR12
MCX1
YJL181W
BIM1
PRM7
AIM43
FET3
JAC1_damp
YAL018C
ILV3_damp
YMR166C
STE50
TMA10
YOR139C
YBR116C
orc2-4
YPL257W
PUT1
YLR104W
YKR051W
tfc1-E447K
VBA2
BER1
SAP155
MLF3
DSE4
UNG1
YIP3
YDR203W
RAD24
SPR1
cdc4-3
GSF2
SHE3
ero1-1
YHK8
SHU1
SBP1
TOS4
YIR024C
HPF1
EST3
GEF1
IRC18
YGL149W
YOR059C
SLH1
RBG2
AIM20
ATO2
YMR172C-A
IST2
STI1
YML090W
YPR150W
ZDS1
JJJ2
YLL054C
SOH1
YOL019W
PDR8
HUA1
RPL8A
ECM4
pcf11-ts2
STR2
NGL2
YMC2
KEL3
SHC1
YOR325W
AIM22
ECM22
sec10-2
TMA19
EGD1
PFA5
SNX3
YNR004W
RMP1_damp
YDL157C
SGT2
VID24
SLX5
EMP24
RAD7
DED1_damp
SWM1
EDE1
HXT17
PRM4
BBC1
ELM1
SYH1
SYM1
YHR049C-A
YDR340W
PET18
VMA22
ded1-95
CRZ1
YPL009C
AQR1
MUK1
MDY2
PPH3
ESC1
RRP15_damp
PRC1
REV7
CHL4
REC107
ARC1
WHI4
PXA2
MSN4
ATP11
LDB18
URA1
CIS3
NBP2
YIH1
YDL183C
YIR043C
PET10
GID7
YER140W
BTS1
YLR365W
PHR1
SET5
BOP3
HSP42
PEX29
TGS1
YBR013C
BIO4
BAR1
YHR127W
MDJ2
YCL049C
YLR072W
UBA4
APM3
THI20
PYK2
ARD1
cdc2-7
SLY41
YNL144C
GTT1
AIM1
YJL045W
SER2
TIF5_damp
YKR078W
cdc37-1
RIM20
YPL197C
MPP10_damp
RPG1_damp
UBP15
YDL211C
DON1
HPT1
CSI2
YLR064W
RIM8
TDH3
MDH3
NOP12
TMA29
RPN10
AGE1
cdc20-3
YLR111W
YBR219C
YMR122C
YTA7
YLH47
LSB1
NDE1
BEM4
DAN4
RPN13
PNG1
YMD8
IML2
YIA6
YLR392C
OMS1
VPS51
MFA2
AIM14
CYM1
YGR042W
GPH1
RIM15
rrp1-1
SPS2
NUR1
ETR1
cdc60-ts
YLR143W
YLR126C
MAD1
NRK1
MAM1
TEC1
PUS6
YDR509W
YMR074C
TMA23
YHR138C
GAT1
RPS18B
POC4
VOA1
OPI1
YLR444C
YJR128W
SST2
srb4-2
prp16-ts
YOL099C
NMD4
YKE4
SNF4
ZEO1
ERP6
YLR179C
ELA1
WSC4
YCR015C
ARR1
TGL3
SLM4
DCR2
MUM3
ARO10
OST5
YDL177C
PHM7
OPI6
YGR149W
LEA1
nop2-3
TPK2
SDH2
YNR021W
TWF1
YBL055C
MSI1
YPL191C
TRS31_damp
PPT2
ERV1_damp
YPL088W
PRM2
HSP82
YLR232W
HRB1
ARO7
EAF5
KTR6
LIA1
RKM4
YKL162C
RIM101
PPN1
YBR074W
YOL047C
ERP3
ERV25
IKI1
CYS4
TIS11
YKR015C
MMS22
RPS24B
KTR7
PPE1
GCN1
MCH4
PCL1
SPT2
SEO1
RKR1
YMR111C
YGR018C
YNR061C
YGR235C
pol5-2
YER121W
SLO1
YMR294W-A
TRX2
YCK2
YMR306C-A
YDL012C
PRX1
INH1
REC114
MAE1
ISR1
ATG9
ADK2
HGH1
GAL3
KAR9
SDO1_damp
SNF2_damp
FCY21
ARO9
PAU15
LEU1
PEF1
URM1
RNH202
ALK2
YOL048C
lcb1-5
SKG3
DIA3
FMP10
RIA1
PSO2
HAM1
DFM1
YBR232C
RNR3
GIC2
RAD51
TIF2
YMR206W
RIM13
IES5
VIP1
YKL199C
PKP1
SIN3
YHR112C
YPL261C
CGR1
SGD1_damp
CBF1
SPO11
YGR017W
SAE2
AYR1
YOR343C
YHB1
DIS3_damp
YKL115C
VPS4
SWC3
PRM10
VMA10
FAR10
RPL9B
NPP2
YEL020C
YEH2
LPE10
DUF1
YNL092W
YMR1
RRD2
MAG2
YLR049C
OLA1
TAD1
pds1-128
TEP1
RAD54
YDR426C
RIM11
PBS2
DHR2_damp
YOL085C
SCS2
NKP2
EMI2
SSE1
QCR2
YHM2
RGD1
VPS33
YOL079W
YDL109C
GAL7
YCR043C
YRO2
MDL2
AIM34
URA5
MSN2
YJU3
VPS29
MSA1
ITR1
RPS22B
AFI1
YJL027C
HMS2
SIZ1
SCS7
YDR307W
RPP1A
YBL100C
COG6
TRM8
YKR041W
ALD5
THI4
YEA6
YBR053C
SOL2
YGL109W
PAC1
GTT2
RPL37B
SVS1
YMR258C
YOL057W
MET10
YGR146C
PTC1
CSI1
YGR287C
HER1
YDL233W
DSK2
ADE6
TUB3
RBD2
DLD2
YOR111W
ATG23
SNZ1
YLR152C
RPS25A
UBX6
SPF1
BUD19
DPH2
SGA1
MCM22
GAT4
MKC7
AIM2
PEX25
CTF18
sda1-2
EXO70
PMU1
YMR010W
YCR023C
YAP3
YDL086W
YPR109W
SSY1_damp
NOT3
NTH1
GIP3
sec12-4
SYS1
AIM42
SFG1
YNL010W
LRC2
YJL070C
SKG1
RPS29A
TPM1
GIC1
YLR415C
GRE3
CAR1
AMN1
YGL146C
SMP1
YPR015C
STV1
AKR1
YOL036W
YDR095C
YAP7
DBR1
ABZ1
AXL1
MDM12
DSE1
ENB1
PST1
SGS1
TMA17
SWT21
RSB1
YMR027W
YGR051C
PRE9
CPR7
AGE2
YJL211C
RAD30
NNF2
TIR4
IRC20
YDR266C
EMI1
RKM1
HMG2
GAL80
sec63-1
BUD3
YGL117W
AUA1
ROM2
LHP1
VPS13
YKR070W
LRP1
CKA2
YDR090C
YOR318C
CLN2
mcd1-73
GYP1
YNL024C
REE1
snu114-60
LSM4_damp
YHL017W
MTC2
SAT4
MBF1
GPD2
YGR110W
MUP3
SEY1
EMC2
POL4
YJR039W
RPA34
UBX4
YFL035C-B
MLH1
SDP1
IRC9
PTR2
ERD1
VPS16
CRH1
TEF2
TMN3
RPL27B
CSM1
RDR1
OTU1
MSC7
ISW1
MCM21
YNL046W
GDS1
DIP5
RAD55
YGL152C
IRC7
VCX1
YNL013C
AHA1
YLR184W
JID1
MSH2
AIM32
YLR169W
NIS1
YLR349W
YKR018C
VTC2
YSC84
JLP2
GGA1
rna15-58
HHT1
YGL085W
MTL1
ERG6
yhc1-8
TGL4
ENT2
YLL059C
RPI1
SNF11
DCI1
DAP1
FLC3
YLR287C
YGL140C
CTF19
YPL229W
PLP1
SHO1
MSC2
YGL260W
UBP13
CMR2
YCT1
GAS2
PDX1
YOL029C
VPS71
HSL1
YJR015W
mtw1-ts
CTF8
UGA3
UPS3
cdc42-1
TCB3
SRX1
SSH1
MTC3
YPR096C
FYV8
RPD3
ATP10
PTH1
GRX2
YJR030C
SPE3
PSD2
YDJ1
TIR2
SNF8
BFA1
MUD2
RBG1
YGR126W
YKR023W
YGL010W
NVJ1
CDH1
pol1-2
YGR237C
FKH1
DBF20
YKL044W
INM2
MIC17
YOR296W
KIN1
SRO77
SHE4
VPS64
PRS4
YIR042C
RTC5
GAL10
cdc4-2
ABP140
NTH2
RTR1
tfa2-45
NAS6
PLB2
SSZ1
PAI3
VPS30
AIM39
TVP38
YPS3
PAN2
YDR431W
UIP5
MNN5
SAY1
YIL024C
MED1
CSN12
YMR087W
PSR2
cdc19-1
DOS2
SPR3
YER046W-A
YCL062W
VMA5
TMA108
SSA3
EDC2
GGA2
DYN3
ISN1
YNL146W
YNR073C
BCK1
CYK3
RSF1
YOL075C
erg11-td
act1-129
DIM1_damp
GPM3
YML053C
IRC21
MPE1_damp
AAH1
GRX6
EMG1_damp
YHR078W
CCC2
OCA6
PSP2
SEC22
KAR5
ALD3
YLR125W
REH1
YGR012W
YOL024W
BUD2
YNL095C
DSF2
NTG1
HXK2
RTN1
LIP5
UTR2
RAD50
YMR252C
RPS24A
YDR269C
MVB12
IME2
YER152C
YCL033C
YOR041C
YCR045C
YOL131W
YPL041C
PIR3
PTC6
NCE102
YLR040C
HMT1
MF(ALPHA)1
SLT2
ATO3
FAR3
tor2-29
prp4-1
ASN2
RPS14A
sds22-5
SIM1
ATG27
DDP1
YOR051C
WSC3
YLR352W
ARF1
YLR334C
apc5-CA
YML117W-A
rna1-S116F
YPR157W
FCF2_damp
nug1-2
MNT2
MAL32
CAT2
YKL200C
RSR1
YDL124W
TPM2
MET6
MET22
IGO2
SHR5
POM152
YGK3
YJL016W
OST3
HUA2
sec18-1
VTC1
MSB1
DID4
TPK1
CPT1
UBC6
HFD1
ACS2_damp
EMP47
YPR117W
UBR2
GCN3
NST1
SSA2
YML033W
YLR122C
SAC3
NTO1
COX4
GLO4
SFC1
VPS72
KTR5
TAT2
YGR011W
MAD3
EAF7
JLP1
cdc3-3
PTH2
YER064C
OPI8
RPL23A
PCA1
IMP2
CTI6
FYV1
ATG16
MGM1
LOT5
GUP1
YDR541C
YPL245W
RPS23A
XRS2
GSH2
VBA1
VPS55
PPZ2
UBP2
NSG1
YIL058W
ECM8
GSM1
ARO1
VPS9
COG5
YBR051W
RAV1
YMR253C
yrb1-51
YPR050C
rsc4-2
ZIP2
IZH3
ARN1
YFL040W
BNA4
TDH2
ELO1
RPL24B
INP1
YPT35
ARP6
THR4
BRE1
YLR137W
BZZ1
REV1
RFM1
UBC12
YGR242W
MDV1
SKI2
CSG2
SSU1
IMH1
YDR282C
YLR446W
ALG5
IBI1
YBL081W
ASP3-4
MDM31
YJR142W
CNN1
CWH41
ATG17
PUS9
MET8
arp2-14
PUT2
sec27-1
REX3
YPL205C
DNF1
YDL186W
GIR2
ADR1
AHC2
THO1
CAT8
YHR045W
RHO2
UBP16
SRL3
YGL057C
SFB2
YNL108C
DOA4_damp
MDH1
MSC3
ERG11_damp
UBC4
KEM1
YFH1_damp
RIC1
GUT1
HOS4
MET31
OXR1
CSH1
BPH1
CSE4_damp
YLR296W
RMT2
RAD16
ECI1
PET127
YML035C-A
sam35-2
YLR036C
CTS2
taf7-ts1
PRK1
YSY6
NUP157
AIM24
YIL055C
GAL2
ost1-6
RPO41
YGR290W
APE2
RAD27
TRM3
MMS1
PAU12
YER158C
PRY1
TSC13_damp
TPA1
HAP4
YDR179W-A
SSQ1
SAF1
YJL171C
YBR259W
prp4-ts
GTS1
KIN2
FLO10
YMR320W
JIP4
PRB1
LRG1
GCS1
YOR240W
RPL26A
YER128W
YIP4
TDP1
FUN26
YLR280C
CUE1
DUS3
UBS1
YOL046C
MSO1
GYP5
BEM2
IRC16
SNC1
ACE2
BUD14
PAU11
YER156C
YBR238C
YER066W
YDR210W
STF1
cdc23-1
EST1
YCL046W
EKI1
HHO1
AIM36
ARL3
ECM5
SWI4
ALG6
BDH2
ALE1
RIF1
YKL161C
IDH1
ERG25_damp
YML096W
TOS3
YGL235W
BUB1
DSE3
PSK2
TYW1
RSC2
CNB1
KIN82
KEX1
NMD2
PRM5
GAS1
AFG2_damp
FRE7
MNS1
PMS1
SYT1
YBT1
PPG1
ARO2
SUM1
RAD26
DGA1
YPL102C
YDL241W
THI73
TRF5
IKS1
YHR020W_damp
BUD28
RPS6B
ATG22
CUR1
SPS4
YGL039W
RTS1
CST9
PDR16
ARG81
YCR006C
HSP150
AIM11
YLR042C
YKL158W
ANP1
YAF9
UBX5
SCJ1
UBP14
ARG80
LRO1
TES1
CBT1
HNM1
cdc7-4
SWI6
TOM70
ECM17
LYS20
ALD2
BNA5
KTR1
PHO11
YBR028C
LAP4
YAR029W
DAL81
VPS60
YDR248C
YHL037C
ssu72-2
CYB5
YDR415C
SRO7
ATP5
YOR114W
PDR15
AIM46
RGT2
INO4
mex67-ts5
RTT107
COS10
RRF1
PDE2
ASI3
YOR309C
SPG5
YET1
FRE8
YLR225C
TRK2
MFB1
YCR090C
TVP23
RTG2
NIF3
APN1
YJR020W
YIL141W
SED1
FMP30
OSM1
RPS10B
MRL1
BUL1
VPS25
YLR428C
HOC1
ATG5
CLP1_damp
YIL168W
DPB4
YGR182C
APC11_damp
YAR044W
RTN2
YKL050C
IRA2
GRX3
CSM3
PLB3
MPC54
MOB1_damp
YGR205W
MDL1
TOR1
YCR050C
YHR159W
UME1
COS111
CLB6
VPS8
YKL215C
QDR1
RPL40B
TMT1
FMP16
COX7
ITC1
TPO3
RGI1
GPB2
NPY1
YSP3
NCS2
AIP1
gpi1-1
FAA1
IDP1
YMR102C
UFD4
HSM3
DCG1
RLF2
RTS3
KKQ8
AVO2
TIR3
cdc2-2
YDR476C
YGL165C
BNA2
MTC1
YPL272C
YHR080C
YMR086W
tys1-1
UPC2
LAT1
ATG20
GLG2
YBL086C
PMC1
YMR007W
ATP4_damp
ULI1
AIM33
XDJ1
YPR196W
MRPL44
cdc24-3
WTM1
YBR062C
SSE2
RAD57
ERV15
PGC1
ASG7
KRE1
YSP1
EMP70
FMP52
HOR7
RHO4
SPO16
SCD5_damp
COT1
SKN7
RPS6A
myo2-16
YPL067C
YPR027C
NPP1
PRR2
YLR326W
NAM7
ALG3
YGL159W
YGL218W
YGL138C
PHO5
YDR391C
HXT3
YOR131C
MNN2
ESL1
MET17
PML1
MSN1
KIP2
YKR012C
LSB3
HRT3
DFG5
FEN1
RDS1
YLR414C
SPT3
CKA1
HEK2
YGR176W
YIL089W
NHP6A
AFT1
BEM3
KIP1
GOT1
NOC3_damp
YOR246C
FIT3
IOC2
YNL050C
YCR100C
TRS33
taf12-W486stop
enp1-1
RPS7B
YKL033W-A
NMA111
TNA1
RPL2A
AZF1
VPS36
AIM21
YJR146W
ECM19
REC104
SYN8
YAR1
sec22-3
RMD8
SER33
YGR031W
LDB19
EXO1
YFR024C
MSA2
YPR063C
DCW1
GLE2
SMK1
YJL206C-A
CLU1
RCO1
AIM5
FBP1
mcm2-1
LAC1
YMR291W
RAD33
CAM1
BNR1
SPS22
DMC1
ANB1
YPR126C
tel2-7
VID30
RPL31B
YER135C
YDR506C
YOR223W
YLR001C
MAL31
PFS1
GDT1
RCN1
PEX2
ACH1
ACS1
ASI1
RPN4
HMO1
RPL2B
SET4
KSS1
URA8
YPT32
IRC11
ULS1
YFL051C
NCE101
RRM3
uso1-1
ILM1
YLR177W
YMR031W-A
SCW4
BSD2
PAP2
MKK1
TRE1
FRE6
SGM1
YDL094C
SRN2
SEE1
TRM82
MEP2
FSH2
NOB1_damp
YCL074W
RPL7B
YBR178W
ARV1
LUG1
USA1
cdc6-1
VRP1
RPS25B
FRE4
MMS2
YML037C
DUN1
RNH70
YOR170W
TPS1
MAK31
YMR075C-A
STP1
YDR344C
YPL168W
YGR021W
TRM2
MRE11
YKL030W
pob3-L78R
RPS27B
HOT1
YGL217C
ATP23
DSS4
FLO9
ZRG17
YFR016C
ADY2
GCN2
YBL071C
MSC6
STB1
QCR9
RPS16A
PAU7
SIS2
TRP3
GYL1
DST1
SKI3
RPL1B
FBP26
GAS4
YGL082W
YNR048W
YLL023C
PPH21
PGK1_damp
YBP1
UTR4
PEX12
RPN14
YDR222W
DAS2
SCD6
PIR1
VPS35
UBX3
YDR220C
TPS2
THI2
PAM1
NGL1
RSM28
YKL151C
USV1
ELG1
pam18-1
MHT1
YLR255C
PTC3
PTC2
AIR2
YML131W
YGR067C
YCR051W
RIM4
YJL185C
med7-163
YER071C
act1-136
YDR102C
MPH1
JNM1
MEI4
VID28
MEC3
ROX1
TOK1
BSC5
APS1
YJL160C
YBR287W
SLM3
ACF4
PEX21
HRQ1
YPT31
YFR057W
TSR3
YDL134C-A
YGR153W
YLR194C
OPI10
RPL29
SNA3
YMR181C
YNL109W
ADH6
DBP3
MAG1
FIS1
YPL062W
AIM29
OCA1
MNN4
MDM36
PRD1
TMA64
PGS1_damp
smc3-1
RPL37A
KIP3
AIM37
MRN1
IZH1
YOL114C
TPC1
PMD1
YHR202W
YKR045C
HXT1
TAZ1
APL4
PMP3
PRP8
EMC6
YLL056C
SKN1
SET6
FMT1
YGR122W
TOS2
BSC2
YHR140W
PGM1
RPP2B
VPS3
TRM9
VPS68
FOX2
YJR129C
YPR039W
YOR289W
YME1
YIL102C
WTM2
FMP46
LHS1
PUF6
YBL070C
MRS3
ATP19
sec16-2
GLK1
KES1
LDB17
TVP15
CMC1
PCH2
ERJ5
CKI1
AQY1
GCV2
SIA1
IES2
ALT2
BIK1
CWC27
MKT1
PTP1
AHT1
YOR050C
PDR17
MST27
ATG29
YIL165C
prt1-1
sec15-1
FLO1
SKS1
ASF1
PDC1
CHS6
YPT6
MUS81
YJR154W
YLR422W
UBP6
FMP33
JJJ3
TEL1
YOR390W
HXT15
YOL053C-A
AAC1
MGA1
YAT1
MRPL50
REV3
EDS1
YGR291C
UIP4
YOR352W
DEP1
YBR012C
YLR294C
HBS1
QRI7
YBR246W
LSM12
ACB1
PHO84
SCY1
BDH1
GFD2
UBP7
PAU8
YDL206W
ELC1
MAK32
YGR025W
HOP1
UBP1
YPL136W
PYC2
AST1
YGR050C
cdc8-2
SET3
YNR014W
RTC3
CTH1
YDR271C
SAP1
RML2
YKL136W
YGL036W
ISU1
YTA6
CAF20
APL6
SFT2
SCM4
NUP2
PRM8
LIN1
HSP104
ERG3
RIT1
GET2
YGL132W
CCW12
YBR137W
NTA1
APP1
HCH1
YHR022C
smc1-2
PAU5
YCL001W-A
QCR10
NMA2
YLR282C
YGL024W
PDR5
MUM2
SVL3
bms1-1
SMF3
YOR277C
CHO2
YCL047C
YMR018W
YBR284W
RPL19B
YGR125W
KEL2
YML100W-A
SHE2
STL1
BIO3
NUP188
PIN2
REX2
YER079W
YPR003C
AAD16
YAL045C
HRR25_damp
orc3-70
TMN2
PTK2
NAB6
ASP3-3
ASC1
CWP1
YKL091C
YKR106W
FMS1
FOB1
YJL193W
STD1
INO2
ARA1
SHS1
YPR153W
SMY2
SAC7
YML003W
SHR3_damp
ceg1-ts
VPS21
SNF1
YKL061W
YMR316C-B
DDC1
DED81_damp
STE13
YDL026W
YGR122C-A
ARL1
SAM37
YCR102C
ATG12
SEC28
YIR014W
YMR245W
YPL068C
GAC1
YGR117C
MTD1
NOC4_damp
YOR314W
RAD61
RTT102
SLI1
YJR115W
RKM3
YPL225W
HUL4
ICY1
YDL119C
MSS18
PEX31
YER188W
TEX1
YFL006W
YDR278C
YDR199W
ITR2
VAC14
YNL143C
YER181C
YFR045W
SCO1
ASN1
MPP6
PKR1
KAE1_damp
RSA3
SRL4
GIT1
HIR3
FPR1
IMP2
SPG1
NDE2
ALY2
YAR028W
DPB3
YJL150W
dcp2-7
GDB1
ROD1
RPL35A
PHO8
CIN1
CNA1
BUD8
RPS28B
SLX4
DUR3
MPD2
ELP3
YHL044W
NPT1
YBR027C
CHS3
PEX7
MND2
YBR300C
YER066C-A
EHD3
ECM27
APL2
UBP8
OAC1
LIP2
VTC3
SMF2
APC9
BPL1_damp
MET3
URA2
HSP30
YBR277C
CRT10
YHR009C
YLR279W
YGR111W
PAU4
YPR053C
CKB2
qri1-ts1
SRT1
YDC1
YCF1
VBA5
DOM34
PUT3
YDL218W
RAS2
SIW14
MID2
SSP1
SPP381_damp
SLX9
VMA9
FYV12
SOL4
CIN4
TUL1
GZF3
RAD1
BAT1
SWH1
PRY2
IKI3
MLC2
RGA1
OAF3
rsp5-3
PHO90
TPS3
SYC1
YBR134W
mge1-100
ADE5,7
TRM44
CHD1
EFT2
URA10
DIG2
SDC25
MCH5
SHY1
AVT5
YEH1
CRR1
KSP1
GAT3
LRS4
YPS7
TPO1
SPC1
YLR408C
gpi8-ts
MEI5
YDR290W
ENO1
taf6-ts
PAN6
YMR209C
UPS2
RNY1
YRM1
DAS1
YOL160W
YKR075C
RTR2
STP2
YER084W
PRM3
IDP3
AIM3
STO1_damp
TOM7
HOM6
GYP6
FLD1
YIR016W
GSH1
ANR2
STP3
BCS1
RTC6
RRD1
YLR252W
SWI5
UBP12
CAB1_damp
YJR037W
YJL068C
ZTA1
PMP1
PTR3_damp
RSC2_damp
SUS1
YLL047W
VBA3
RFS1
MET16
CAJ1
CPD1
PHM8
RIM9
YFL034W
YCL060C
YIL032C
VPH1
ATE1
YDR133C
BEM1
YVC1
HXK1
MIA40_damp
FMC1
MSC1
RRP6
SAK1
sfi1-3
YOR304C-A
ECM15
CSF1
CYS3
SBE2
IZH2
RTF1
GRX1
YCR062W
URN1
YHL008C
AVT3
SUN4
YOL092W
YJL107C
ADD66
MGR3
NFI1
PFA4
CTF3
MET28
YBL028C
UBR1
PTM1
SCW11
SAS2
CDC73
VHS1
PFK2
YIL029C
OSW1
PEX10
AST2
CPS1
GAS3
YEL047C
YHL045W
DER1
UBP5
GSP2
YPT10
YFL015C
YDR239C
bos1-1
PPZ1
YDL180W
DPH5
SCO2
AHC1
SET2
RPE1
PUS1
YGL114W
SNX4
ulp1-333
ECM25
YPL141C
HLR1
CIT3
HUT1
VPS5
FRE2
YRB30
EMC4
PSY4
TRP2
ATG11
YAP5
MGT1
UIP3
YGR026W
POR2
GYP8
CSR1
SPE1
GIM3
YGR079W
NIT1
MRPL39
YDL133W
YOL073C
GAD1
MMS4
YDR444W
cdc37-ts
GIN4
ADH2
YDL011C
RPP1B
YAP1801
MRPL1
YKL027W
AMD2
YLR281C
PAM17
GEA1
YBR139W
CIN2
ATG21
act1-124
KAR4
YGR039W
BCH2
YBR138C
YJL055W
RPS21B
YOS9
SIP5
MLH2
SUL2
YFL054C
YBR016W
RPL4A
CHS7
YBR225W
YNL035C
ENT4
SPT23
MLH3
PHO23
NEJ1
RPS17B
OM45
SNL1
YOR052C
BUD21
KRE11
YME2
TIP41
YCL075W
MSH3
STB6
RGM1
NNT1
YJR098C
THI74
YNL313C_damp
MVP1
MGR2
HOG1
AFG3
MLP2
YKL097C
SUE1
TOP1
DOG1
JSN1
RFX1
taf9-ts2
JEM1
GID8
YMR259C
EMI5
FUS2
SCS3
TRX3
RPS21A
YNL140C
YDL023C
erg26-1
DYS1_damp
FLO8
CIT1
YMR160W
YNL022C
MDR1
HUB1
TMA16
FMP48
YML010C-B
LSM1
YPR172W
MXR1
LSB6
AAP1
RAV2
DAN1
pol12-ts
PBI2
CMR3
APS3
MAK16_damp
rpn11-14
MRP49
MOT3
YMR31
GDE1
HMX1
YNL120C
ADI1
PUS7
YBR235W
YDR193W
FPS1
ERT1
YND1
TRM12
YJL064W
ADE17
YPL113C
YGR283C
SDS3
VPS62
AVT6
AGX1
YML108W
TIM11
CSM2
VTH1
DAK1
gwt1-20
RAD10
YPR195C
CHL1
PTA1_damp
POP3_damp
CMR1
YDR274C
URA7
RPS10A
YLR356W
YDR109C
SUR1
BIT61
taf5-3
GSY1
ATG10
IMD3
pcf11-2
DIN7
SWR1
BNI4
rpo21-1
YOL118C
YAR030C
TRR2
YGL118C
MUB1
RPL38
MF(ALPHA)2
HFA1
YLL020C
SPO77
FMP37
TRP1
LYS21
PRM6
CLC1
YJL182C
FIG2
FTR1
GAT2
YCR076C
RGA2
POT1
YHR131C
rpo31-698
LST4
PPS1
CBC2
STB2
SPE4
PEX15
CCR4
FLC1
YHL039W
SHE9
VAM10
YIR020W-B
DRN1
PES4
GIS2
INP54
YDR491C
ZDS2
MBB1
MYO3
RBK1
ATX1
pkc1-ts
OMA1
ENT1
LSM3_damp
YCR087W
IDS2
DAT1
RNQ1
OTU2
YOR356W
RAD14
DNF2
ROT2
HOS3
ISW2
YOR012W
TOM71
DSD1
YOR366W
KIN4
MIG1
YMR244C-A
PAU17
LEO1
BUD7
YPL109C
SPP1
SBA1
CUP5
HAL5
SIP18
YOR300W
MIG2
CAR2
ADH5
BUD6
CTF4
PBP2
ERP5
MET14
VTA1
ADH1
YML002W
GPX2
RLP7_damp
YMR316C-A
YBR032W
sly1-ts
PUB1
HBT1
YLR236C
PDR1
INP2
PIH1
YDR338C
YOR008C-A
GIS4
MLP1
BNS1
YKR017C
YCR102W-A
GSC2
MSN5
PKH3
EAF6
rpn12-1
LEE1
AEP2
YGR207C
BAG7
YOR225W
CUE5
YGR022C
GUD1
CWH43
STM1
YJR111C
BSC1
YPL150W
DAL2
ABP1
TRM10
YJL144W
YKR032W
CBP4
REI1
YLR217W
PML39
SYG1
YHR130C
YGL262W
YLR057W
YOL014W
PHO4
YDL172C
YAK1
YPL066W
ALK1
YPL056C
TCO89
RUD3
INP53
PXL1
AAD3
IML3
YRR1
NTG2
SPO12
MPD1
ARO4
FET5
ATF1
YBR090C
FAT1
YNL028W
RPL11B
YPR148C
PGM3
MYO5
YMR310C
GRE2
YNL058C
IXR1
PGM2
UTP22_damp
FUM1
FPR2
BOP2
SPO71
RAD18
SWD3
YCR085W
YPL199C
VID22
YBR075W
HXT12
RPL43A
POL32
PDB1
HAP5
taf1-1
MCK1
LSM6
IBI2
MAL33
MDM1
stt3-7
CYC1
GCR2
AIM45
COS12
YMR031C
YMR034C
BUB2
cdc24-4
cdc7-1
AMA1
YPL260W
tsc10-1
MAL11
GRX7
RPP2A
VMA6
PUF4
HTZ1
PEX14
MEP3
cdc10-4
MDM10
TPK3
FPR3
STB4
YGR127W
SEM1
RTT109
SUR4
PUF3
DTR1
DIE2
YJL216C
CYC2
ARN2
PST2
ABM1
NOP16
SNT1
ACA1
IAH1
RTT101
YDL118W
UPS1
LEU9
YER091C-A
ERP1
PPQ1
OPY1
OGG1
RER1
IRC10
YLR218C
SLP1
YKL123W
SEH1
RVS167
YER187W
GDH1
FMP32
SSF1
QNQ1
GLT1
YPR059C
PCL8
GIM5
CYB2
SKT5
NDJ1
YBR224W
YCL022C
TOF1
MRP13
FAP1
BOR1
YGR016W
YKR005C
PTC7
COX5A
YJL206C
YPR090W
DDI1
YIR035C
NRT1
QCR8
GCN5
ANT1
KRS1_damp
EEB1
SPO74
SDT1
VHR1
LTP1
LPP1
YOR019W
dsn1-8
YLR108C
FRE1
CTL1
tcp1-2
SNF5
DID2
YPL034W
BDF2
RLI1_damp
NIP100
GNP1
YLR257W
PHM6
GPB1
APM4
NIT2
ZRG8
ELP2
SBH2
SMF1
TFP1
GUF1
YMR124W
PRM9
YNR063W
TDH1
YMR193C-A
LEU3
YMR326C
MGA2
STR3
YPL182C
YET2
HMI1
GIM4_damp
TYE7
ATP18
GEM1
YPL035C
YKR033C
LOT6
NIT3
FYV7
YMR279C
YPL185W
PHO86
DNF3
YJR087W
RCR2
GCV1
ARO80
SSF2
WHI2
FAS2_damp
smc6-9
YOR072W
ITT1
PHD1
IPK1
CMK1
GCY1
YCL002C
MCH1
duo1-2
RDS2
YBR064W
YGR054W
YKL071W
DSE2
IRC23
YFL013W-A
AAD6
DAL80
CUP2
YHR035W
LIF1
YAL004W
SNU23_damp
scc2-4
URE2
UTR1
GYP7
NGL3
GIS3
RPL14B
YPR1
YKL147C
YOR378W
YPR014C
YKL177W
MCT1
YKL069W
AML1
POA1
GNT1
MAL13
CPR3
YOR385W
ADY3
MTC5
YSP2
CHS5
AIM9
OYE2
SPP382_damp
YJR038C
CYC8_damp
MBR1
YPR197C
ADY4
UBC5
SEC3
TRM11
COQ2
SRL1
MNI1
KTI12
CAC2
RTA1
DSF1
YGR071C
RPL1A
ECM32
PET20
HOS1
BCK2
IWR1
YMR147W
ADH4
YPI1_damp
RBS1
YPR045C
YJL017W
NUP170
APS2
RPL8B
ICL2
HEM13_damp
NDT80
YGR130C
SNF6
YEL1
PNS1
SED4
YGR131W
LCB5
ADE2
GET1
TCB1
YMR173W-A
YLR413W
DOA1
CRN1
ELF1
UBP11
YDR539W
YGL242C
YMR118C
CLB5
HHF1
tap42-11
CIN5
SRY1
SNA4
YBL065W
RPS11B
MTO1
SUL1
YLR407W
RNH203
YGR269W
YBR174C
MTH1
YLR271W
PBP4
PSD1
YKL063C
YIL152W
YKL066W
ECM11
ERV14
DUS4
APA2
EAR1
GCA1
ATP14
GLG1
KHA1
RNH201
PMT2
MSS2
ATG4
YIL100W
SNO4
CNE1
PGU1
ERV41
MSB4
stu1-12
SIN4
PHB1
GIM4
IRS4
FMP23
GCN20
IRC5
MRT4
IOC4
ADE1
YGL041C
YPL216W
YOR062C
HOM2
PHO89
TIM21
UBC11
NTE1
yhc1-3
PBA1
DEG1
TMA22
PHO87
GAP1
API2
YDL050C
YIR007W
SMY1
act1-120
BPT1
ECM31
MCR1
YPR076W
YDR336W
CRD1
ASI2
MTC4
SPI1
YMR057C
RGD2
YNK1
OSH6
YPL071C
RPS9A
HYR1
YLR050C
TMS1
MSS1
HPA2
SDS23
SNQ2
YBR071W
ASH1
YPT7
RPS29B
ECM33
RPS16B
CCC1
MET12
YDR026C
EXG2
DBP9_damp
MRC1
ERP2
BCY1
YIL001W
RPS28A
YDL027C
CRC1
IST3
IRC24
YBL107C
RRT1
cet1-15
NFT1
MNL1
ROG1
YFR006W
YFL042C
TOS6
CIS1
YPL108W
LOS1
YIL015C-A
CMK2
AIM44
PDH1
YLR366W
RPC53_damp
YKL105C
OAZ1
YBR241C
IRC13
RPS26B
SMA1
YDR209C
NCA2
CUP9
YOR248W
YNR066C
PET122
PET8
HOL1
CLB3
YDR455C
VPS28
YSA1
med8-51
VMA21
YGR066C
PCP1
ALG8
OPT1
YFR039C
SPO1
FAU1
cog2-1
APD1
GET3
YOL163W
YGR250C
arc35-5
ARA2
YLR460C
ACN9
YPR011C
prp22-1
YJL021C
act1-112
PAA1
BNA6
ADP1
PAT1
CUE2
RRI2
PMA1_damp
SPS100
YGL081W
PDR10
SDH4
RPT2_damp
MMP1
CRM1_damp
YLR149C
HRD3
AKR2
DIF1
YLR041W
ARE2
sfh1-1
MUD1
WWM1
ATG19
SDC1
sec11-2
DYN2
NEW1
YFR017C
YAR023C
CRP1
CYT1
use1-ts
dsn1-7
PIG2
YER186C
act1-125
AUS1
GPG1
lst8-15
HIR2
DPH1
NAP1
YMR099C
MMR1
CAD1
AMS1
SAC1
AIM7
ECM29
MIH1
SAS5
YDR352W
YCR025C
PTC5
RIM1
SIP1
MNT3
ACF2
YNR071C
STE23
PEX30
CSR2
SPO22
PIN3
SDH1
YBL029W
RAD4
prp31-1
SPO73
FIN1
RCR1
YDR535C
YDR154C
APL1
EAF3
TVP18
SCP1
GUT2
YUH1
YCL012W
KAP122
PMT3
RPS4B
ICE2
NUP100
YIL096C
YGR045C
YAL064C-A
SWE1
cbf2-1
PCT1
YDR056C
ADE8
OSH2
SUR2
rpt4-150
DFR1_damp
YCR001W
SIF2
DOT1
URA4
DCC1
YOR055W
MCM16
CPR8
ycs4-1
STE24
AQY2
YOL098C
FSF1
FAL1_damp
MMM1
RTT103
YIL028W
YFT2
NCS6
YMR304C-A
YKL133C
SNF3
YPT52
GLC7_damp
YDL176W
YLR346C
VHS2
PNP1
LPX1
YOP1
NYV1
FKS1
NDL1
CIN8
SWT1
RLM1
RPS27A
YGR203W
PDE1
SPO75
YCL006C
SHE10
ISU2
ERG5
YJL169W
HSP12
CPR1
RXT3
PEX27
YGR201C
FSH1
IRC8
YIL163C
HKR1
ASF2
YNL089C
ABZ2
ILV1
YDR186C
orc2-3
MSD1
HSP26
YDR018C
COG8
GPX1
KCC4
RME1
ATX2
YOR121C
GRE1
ICY2
TAN1
SKI8
HCS1
YGL101W
YIM1
nup57-E17
SAL1
ICS2
DGK1
YDR157W
YAP6
NUT1
VPS45
YGL042C
cdc24-11
HXT5
PAC11
slu7-ts1
POP4_damp
SNU66
APL5
SCS22
VMA8
PAH1
YGR015C
YKU80
tor2-21
APM1
YIR020C
TGL1
YER087C-A
ALR2
TOF2
YNL155W
RPL6B
AYT1
YBR285W
NQM1
YMR254C
SSH4
ATG3
IZH4
YAL066W
esa1-L254P
MNN11
ame1-4
ENT3
NAT4
GSY2
BOI1
FMO1
SNC2
BUD17
AIM25
TAH1
ZRT2
GET4
GDH3
YFR032C
YML102C-A
YLR402W
ECM21
sec13-1
MAF1
AIM17
pgi1-2
AIM28
SSO1
DAL4
YPR170C
YAL037W
YJL119C
YOL050C
YMR085W
LSB5
rpt3-1
REX4
GLR1
HAC1
GBP2
TYW3
YLR164W
PMT5
PEX22
DLD1
UBC7
TAE1
RED1
FUI1
YCK1
CTK3
BUG1
PEX8
ZIP1
ZUO1
ENV7
BST1
CWC15
YDR094W
XPT1
YKL171W
OPI3
CAF130
YKL075C
ELP4
YJR107W
cdc11-2
BYE1
YOR021C
AIR1
YKR047W
TLG2
YNR029C
MON1
YPC1
NUP60
YOR263C
ISC10
RPL21B
spc24-1
YLR030W
YHR182W
YGL046W
CWC23_damp
pse1-41
THP2
YER137C
SHE1
CHA4
MAP2
QCR6
ERR1
POX1
EXG1
PAR32
SPO20
GTO3
AVT7
DAL7
AGP1
STE3
VAM6
BNI1
TOS8
ALP1
YKR104W
RVS161
RAD28
YLR053C
sec39-2
NFU1
IGO1
NUP120
YLR211C
WAR1
BRE5
MEH1
PAD1
PDC5
ERV29
TOR2_damp
SLF1
GLC8
pol5-1
GPT2
LAG2
YJR011C
NUP133
CWC25_damp
RPS23B
BUD32
ATP12
DAL3
MRK1
SPR28
DBP7
RIP1
YGR259C
CMS1
ICS3
EOS1
FAR11
HXT2
YOL150C
LRE1
MND1
YMR103C
YBR099C
MMT1
NGR1
YPK9
YKL131W
YJL218W
ssc1-2
SPO19
YNL181W_damp
RPS8A
ILV6
RPL41B
FLC2
YMC1
MBA1
CKB1
PDR11
RAD17
STF2
FIT1
HOT13
NCR1
YFR054C
RTG1
NCA3
YLL058W
met30-9
ARC18
RPF1_damp
YDL121C
RCN2
YMR187C
COX5B
CPR4
YLR241W
SIL1
YKL077W
PIC2
MKS1
MDM35
LRC3
MTC6
YML048W-A
PHO13
JHD1
MHP1
OPY2
YEL057C
GVP36
SSM4
AIM41
KTR4
FLX1
YNL086W
SPE2
YBL010C
RMD1
orc2-1
YBR056W
SCW10
cdc43-2
TPO4
PAU10
TOD6
YSR3
EFT1
YJL007C
CMP2
SWP82
CIT2
TSA1
YJR120W
YGR107W
YIL083C_damp
YIF1_damp
AGA2
DMA2
DOT5
MAM3
PSH1
YCR099C
SAM3
COX13
MDM38
HXT8
NUC1
YIL161W
YDR132C
BMH1
MYO4
PHO81
HDA3
BRE2
ole1-m2
YMR141C
CUE3
YGL230C
YLR311C
YNR005C
DET1
YKL031W
HXT10
YHR210C
HSE1
BLM10
ATG13
ENT5
REC102
IVY1
SGN1
YFR056C
ASP1
YHI9
SPO21
UTH1
YSW1
nsl1-5
ERF2
OST6
PIP2
YNL034W
stu1-5
AVT1
GAL4
CHZ1
YDL242W
FZF1
YGR228W
CYT2
YDL187C
URK1
YHL012W
YDR250C
YOR268C
YKE2
YDL144C
BIO2
RPL16A
VPS27
YJR079W
SSA1
FPK1
YOL037C
EPT1
YIL092W
BNA1
YLR224W
prp21-ts
BRP2
YLL032C
ATC1
ERS1
YPR012W
MOG1
YPL162C
YHL041W
SAW1
AGP2
YOX1
TOM6
ECM18
RNP1
ala1-1
CSM4
YDR370C
TRP4
FAA2
LGE1
YCL042W
LRC1
YBR100W
FRA1
YJL163C
ARF2
cdc45-27
neo1-2
YPL073C
DBF2
LSM7
FIG1
YLR063W
YJL132W
YPR022C
APE3
KEL1
YML058C-A
YOR029W
YPL114W
ECM1
YBR226C
NUM1
PEX32
TEF4
YJL135W
CLB2
UGA2
SCT1
MRI1
IES4
ESL2
YDL062W
YOR292C
YOR015W
erg8-1
SRL2
IMD4
YMR153C-A
YOL153C
SRC1
CLN3
IME1
PSY3
SAM1
YNG1
cdc48-3
YHR113W
PPH22
RPL24A
RVB1_damp
THS1_damp
SOR2
IRC3
DPL1
UME6
ISY1
RPS19B
HHF2
YDR374C
LSP1
PEP12
SWF1
YOR082C
YLL017W
SSB1
NEM1
WHI3
BTT1
PAU3
YDR306C
YLR400W
ORM2
PCL9
HST3
ATF2
RUB1
NRG2
taf5-15
POP2_damp
SSK22
YER134C
HEM2_damp
RMD5
PTP2
YOR379C
YOR364W
YDL199C
DGR2
VPS24
GMH1
YMR158W-A
YDR131C
YER163C
YNR042W
YIL025C
OM14
DCN1
RAD5
SDS24
YLL053C
RAD34
