15S_RRNA_2
21S_RRNA_3
Q0045
Q0050
Q0055
Q0060
Q0065
Q0070
Q0075
Q0080
Q0085
Q0105
Q0110
Q0115
Q0120
Q0130
Q0140
Q0160
Q0250
Q0255
Q0275
YAL001C
VPS8
YAL003W
SSA1
ERP2
FUN14
YAL009W
MDM10
SWC3
CYS3
DEP1
SYN8
NTG1
YAL016W
PSK1
YAL018C
FUN30
ATS1
CCR4
FUN26
PMT2
LTE1
YAL025C
YAL026C
SAW1
FRT2
MYO4
SNC1
GIP4
YAL032C
YAL033W
FUN19
YAL034W-A
YAL035W
RBG1
YAL037W
YAL038W
YAL039C
CLN3
YAL041W
ERV46
YAL043C
YAL044C
YAL044W-A
AIM1
YAL047C
GEM1
AIM2
OAF1
FLC2
ACS1
PEX22
GPB2
CNE1
ECM1
BDH1
BDH2
GDH3
FLO9
YAL064C-A
YAL064W
YAL064W-B
YAL065C
SEO1
PAU8
ERP1
NUP60
SWD1
YAR007C
YAR008W
YAR009C
YAR010C
BUD14
ADE1
KIN3
YAR019C
PAU7
YAR023C
UIP3
YAR028W
YAR029W
PRM9
YAR033W
YAT1
SWH1
YAR044W
FLO1
YAR061W
YAR062W
YAR064W
YAR066W
YAR068W
PHO11
ECM15
YBL002W
HTA2
YBL004W
PDR3
YBL005W-A
YBL005W-B
YBL006C
SLA1
HIR1
ALK2
YBL010C
SCT1
FMT1
YBL014C
ACH1
YBL016W
PEP1
YBL018C
APN2
YBL020W
HAP3
YBL022C
YBL023C
NCL1
YBL025W
YBL026W
RPL19B
YBL028C
YBL029C-A
YBL029W
YBL030C
SHE1
HEK2
YBL033C
YBL034C
YBL035C
YBL036C
APL3
YBL038W
URA7
YBL040C
YBL041W
FUI1
ECM13
YBL044W
YBL045C
PSY4
EDE1
MOH1
YBL050W
PIN4
SAS3
TOD6
YBL055C
PTC3
PTH2
SHP1
YBL059C-A
YBL059W
YEL1
SKT5
KIP1
PRX1
SEF1
UBP13
PRS4
AST1
YBL071W-A
RPS8A
YBL074C
SSA3
YBL076C
ATG8
NUP170
YBL080C
YBL081W
ALG3
YBL084C
BOI1
YBL086C
RPL23A
TEL1
AVT5
YBL090W
MAP2
SCS22
YBL092W
YBL093C
YBL095W
YBL097W
BNA4
YBL099W
ECM21
YBL101W-A
YBL101W-B
SFT2
RTG3
YBL104C
YBL105C
SRO77
YBL107C
YBL108C-A
YBL111C
YBL112C
YBL113C
NTH2
YBR002C
YBR003W
YBR004C
RCR1
UGA2
DSF2
FLR1
HHF1
HHT1
YBR011C
YBR012W-A
YBR012W-B
YBR013C
GRX7
MNN2
YBR016W
YBR017C
GAL7
GAL10
GAL1
YBR021W
POA1
CHS3
SCO2
OLA1
ETR1
YBR028C
YBR029C
RKM3
RPL4A
EDS1
HMT1
YBR035C
CSG2
SCO1
YBR038W
YBR039W
FIG1
FAT1
CST26
QDR3
TCM62
GIP1
ZTA1
FMP23
RPS11B
YBR049C
REG2
RFS1
YBR053C
YRO2
YBR055C
YBR056W
MUM2
UBP14
YBR058C-A
AKL1
YBR060C
YBR061C
YBR062C
YBR063C
ECM2
NRG2
TIP1
BAP2
TAT1
YBR070C
YBR071W
HSP26
RDH54
YBR074W
YBR075W
ECM8
SLM4
ECM33
YBR079C
YBR080C
YBR081C
UBC4
TEC1
YBR084C-A
MIS1
YBR085C-A
AAC3
IST2
YBR087W
YBR088C
YBR089C-A
YBR090C
YBR090C-A
YBR091C
PHO3
PHO5
PBY1
RXT2
YBR096W
YBR097W
MMS4
YBR100W
YBR101C
YBR102C
SIF2
YMC2
VID24
YBR106W
IML3
AIM3
YBR109C
YBR110W
YSA1
SUS1
CYC8
RAD16
YBR115C
YBR117C
TEF2
MUD1
YBR120C
YBR121C
YBR122C
YBR123C
PTC4
TPS1
YBR127C
ATG14
OPY1
SHE3
CCZ1
AGP2
YBR133C
YBR135W
YBR136W
YBR137W
YBR138C
YBR139W
YBR140C
YBR141C
YBR142W
YBR143C
ADH5
YBR146W
RTC2
YSW1
ARA1
TBS1
APD1
YBR152W
YBR153W
YBR154C
YBR155W
YBR156C
ICS2
AMN1
YBR159W
YBR160W
CSH1
TOS1
YSY6
YBR163W
ARL1
UBS1
YBR166C
YBR167C
PEX32
SSE2
YBR170C
SEC66
SMY2
YBR173C
SWD3
ECM31
EHT1
YBR179C
DTR1
RPS6B
SMP1
YPC1
YBR184W
MBA1
PCH2
GDT1
NTC20
YBR189W
YBR191W
YBR192W
YBR193C
AIM4
MSI1
YBR196C
YBR197C
YBR198C
KTR4
BEM1
DER1
YBR202W
COS111
YBR204C
KTR3
FTH1
DUR1,2
ERV15
YBR211C
NGR1
MET8
SDS24
HPC2
YBP1
ATG12
PYC2
YBR219C
YBR220C
PDB1
PCS60
TDP1
YBR225W
MCX1
SLX1
ROT2
OM14
SWC5
PBP2
YBR233W-A
YBR234C
YBR235W
YBR236C
YBR237W
YBR238C
ERT1
THI2
YBR241C
YBR242W
YBR243C
GPX2
ISW1
YBR246W
YBR247C
YBR248C
ARO4
SPO23
YBR251W
YBR252W
YBR253W
YBR254C
YBR255C-A
MTC4
YBR256C
YBR257W
SHG1
YBR259W
RGD1
TAE1
AIM5
SHM1
YPT10
YBR265W
REI1
YBR268W
FMP21
BIT2
YBR271W
HSM3
UBX7
CHK1
RIF1
PPS1
DPB3
YBR279W
SAF1
DUG2
YBR282W
SSH1
YBR284W
YBR285W
APE3
YBR287W
APM3
SNF5
BSD2
CTP1
VBA2
SUL1
PCA1
PHO89
MAL33
MAL31
MAL32
DAN3
YBR302C
RER1
YCL001W-A
YCL001W-B
YCL002C
YCL003W
YCL004W
YCL005W
VMA9
YCL007C
STP22
ILV6
SGF29
GBP2
YCL012W
BUD3
DCC1
YCL017C
YCL018W
YCL019W
YCL020W
YCL021W-A
KCC4
AGP1
FRM2
YCL026C-B
YCL027C-A
FUS1
RNQ1
BIK1
YCL030C
YCL031C
STE50
YCL033C
LSB5
GRX1
GFD2
YCL037C
ATG22
GID7
GLK1
YCL042W
YCL043C
MGR1
EMC1
YCL047C
SPS22
YCL049C
APA1
LRE1
YCL052C
YCL054W
KAR4
YCL056C
YCL057C-A
PRD1
YCL059C
YCL060C
MRC1
YCL062W
VAC17
CHA1
YCL066W
YCL067C
YCL068C
VBA3
YCL073C
YCL074W
YCL075W
YCR002C
YCR003W
YCR004C
CIT2
YCR007C
SAT4
RVS161
ADY2
ADP1
YCR012W
POL4
YCR015C
YCR016W
CWH43
YCR018C
MAK32
PET18
MAK31
YCR020W-B
HSP30
YCR023C
YCR024C
PMP1
NPP1
RHB1
YCR028C
RIM1
YCR029C-A
SYP1
RPS14A
BPH1
SNT1
FEN1
YCR035C
RBK1
PHO87
YCR038C
YCR039C
YCR040W
YCR042C
YCR043C
PER1
YCR045C
YCR046C
YCR047C
ARE1
YCR050C
YCR051W
YCR052W
THR4
YCR054C
YCR055C
YCR057C
YCR058C
YIH1
TAH1
YCR061W
BUD31
HCM1
RAD18
SED4
ATG15
CPR4
YCR070W
YCR071C
YCR072C
SSK22
SOL2
ERS1
YCR076C
PAT1
PTC6
YCR080W
YCR081W
AHC2
TRX3
YCR084C
CSM1
LUG1
ABP1
FIG2
YCR090C
KIN82
MSH3
YCR093W
CDC50
OCA4
YCR096C
YCR097W
YCR097WB
GIT1
YCR099C
YCR100C
YCR101C
YCR102C
PAU3
ADH7
RDS1
AAD3
RMD1
NHP10
YDL003W
YDL004W
MED2
PTC1
YDL007W
YDL008W
GRX6
YDL012C
SLX5
YDL014W
YDL015C
YDL017W
ERP3
OSH2
RPN4
YDL021W
YDL022W
DIA3
YDL025C
YDL027C
YDL028C
YDL029W
YDL030W
YDL031W
SLM3
GPR1
PUS9
BSC1
YDL038C
PRM7
YDL040C
YDL042C
YDL043C
YDL044C
YDL045C
YDL045W-A
YDL046W
YDL047W
STP4
YDL049C
LHP1
YDL052C
PBP4
MCH1
YDL055C
MBP1
YDL057W
YDL058W
RAD59
YDL060W
RPS29B
YDL063C
YDL064W
PEX19
IDP1
YDL067C
YDL069C
BDF2
YDL072C
YDL073W
BRE1
YDL075W
RXT3
VAM6
MDH3
MRK1
THI3
RPP1A
RPL13A
RPS16B
YDL084W
YDL085C-A
NDE2
YDL086W
YDL087C
ASM4
NUR1
YDL090C
UBX3
YDL092W
PMT5
PMT1
YDL097C
YDL098C
BUG1
GET3
DUN1
YDL102W
YDL103C
QRI7
YDL105W
PHO2
MSS2
YDL108W
YDL109C
TMA17
YDL111C
TRM3
ATG20
YDL114W
IWR1
YDL116W
CYK3
YDL118W
YDL119C
YDL120W
YDL121C
UBP1
SNA4
YDL124W
HNT1
YDL126C
PCL2
VCX1
YDL129W
RPP1B
STF1
LYS21
YDL132W
RPL41B
YDL133W
PPH21
YDL134C-A
RDI1
RPL35B
ARF2
RGT2
YDL139C
YDL140C
YDL141W
CRD1
YDL143W
YDL144C
YDL145C
LDB17
YDL147W
YDL148C
ATG9
YDL150W
YDL153C
MSH5
CLB3
CMR1
YDL157C
YDL159W
YDL159W-A
YDL160C
ENT1
YDL164C
YDL165W
YDL166C
NRP1
SFA1
UGX2
UGA3
GLT1
PAR32
DLD1
AIR2
YDL176W
YDL177C
DLD2
PCL9
YDL180W
INH1
LYS20
YDL183C
RPL41A
TFP1
YDL186W
PPH22
RBS1
UFD2
RPL35A
ARF1
YDL193W
SNF3
YDL195W
ASF2
YDL198C
YDL199C
MGT1
TRM8
YDL202W
ACK1
RTN2
YDL205C
YDL206W
YDL207W
YDL208W
YDL209C
UGA4
YDL211C
YDL212W
NOP6
PRR2
GDH2
RRI1
YDL217C
YDL218W
DTD1
YDL220C
FMP45
HBT1
WHI4
SHS1
GCS1
YDL227C
SSB1
PTP1
BRE4
YDL232W
YDL233W
GYP7
YDL235C
PHO13
LRC1
GUD1
ADY3
LRG1
YDL241W
AAD4
THI13
HXT15
SOR2
YDL247W
YDL248W
NTH1
YDR002W
RCR2
RAD57
MAF1
SOK1
TRP1
GAL3
SNQ2
YDR012W
YDR013W
RAD61
YDR014W-A
YDR016C
YDR017C
YDR018C
GCV1
DAS2
YDR021W
CIS1
YDR023W
YDR025W
YDR026C
YDR027C
YDR028C
RAD28
MIC14
PST2
MRH1
YDR034C
YDR034C-A
YDR034C-C
YDR034C-D
YDR034W-B
ARO3
EHD3
YDR037W
YDR038C
YDR039C
YDR040C
YDR041W
YDR042C
NRG1
YDR044W
YDR045C
BAP3
YDR047W
YDR049W
YDR050C
DET1
YDR052C
YDR054C
PST1
YDR056C
YOS9
TGL2
UBC5
YDR060W
YDR061W
YDR062W
AIM7
YDR064W
YDR065W
RTR2
OCA6
DOS2
YDR069C
FMP16
PAA1
IPT1
SNF11
TPS2
PPH3
RAD55
SED1
YDR078C
YDR079C-A
YDR079W
VPS41
YDR081C
YDR082W
RRP8
TVP23
AFR1
YDR086C
YDR087C
YDR088C
YDR089W
YDR090C
YDR091C
UBC13
DNF2
GIS1
MSH6
GRX3
YDR098C-A
YDR098C-B
BMH2
TVP15
ARX1
YDR103W
SPO71
TMS1
YDR106W
TMN2
GSG1
YDR109C
FOB1
ALT2
YDR113C
YDR114C
YDR115W
MRPL1
TMA64
YDR118W
VBA4
TRM1
DPB4
KIN1
INO2
YDR124W
ECM18
SWF1
ARO1
MTC5
YDR129C
FIN1
YDR131C
YDR132C
YDR134C
YCF1
RGP1
YDR138W
RUB1
YDR140W
YDR141C
PEX7
SAN1
MKC7
YDR145W
SWI5
EKI1
KGD2
NUM1
CTH1
GIR2
ENT5
CPR1
RPA14
HOM2
SAC3
YDR160W
YDR161W
NBP2
CWC15
YDR164C
TRM82
YDR166C
YDR167W
YDR168W
STB3
YDR170C
YDR170W-A
HSP42
YDR172W
YDR173C
HMO1
YDR175C
YDR176W
YDR177W
SDH4
CSN9
YDR179W-A
YDR180W
SAS4
YDR182W
PLP1
ATC1
UPS3
YDR186C
YDR188W
YDR189W
YDR190C
HST4
NUP42
YDR194C
YDR195W
YDR196C
CBS2
RKM2
VPS64
YDR201W
RAV2
YDR204W
MSC2
EBS1
UME6
YDR208W
YDR210W
YDR210W-A
YDR210W-B
YDR210W-C
YDR210W-D
YDR211W
YDR212W
UPC2
AHA1
ADR1
RAD9
SPR28
MFB1
GTB1
YDR222W
CRF1
YDR224C
HTA1
YDR226W
YDR227W
YDR228C
IVY1
YDR231C
YDR232W
RTN1
YDR234W
YDR235W
YDR236C
YDR237W
YDR238C
YDR239C
YDR240C
AMD2
YDR243C
PEX5
MNN10
YDR246W
VHS1
YDR248C
YDR249C
PAM1
BTT1
MET32
CHL4
RMD5
CTA1
RKM4
HSP78
YAP6
SWM1
EXG2
YDR261C-C
YDR261C-D
YDR261W-A
YDR261W-B
YDR262W
DIN7
AKR1
PEX10
YDR266C
YDR267C
YDR268W
CCC2
GLO2
DON1
BSC2
PMP3
MTH1
RNH202
YDR280W
PHM6
YDR282C
GCN2
DPP1
ZIP1
YDR286C
INM2
YDR288W
RTT103
HRQ1
YDR292C
SSD1
DPL1
YDR295C
YDR296W
SUR2
ATP5
YDR299W
YDR300C
YDR301W
YDR302W
YDR303C
CPR5
HNT2
YDR306C
YDR307W
YDR308C
GIC2
SUM1
YDR311W
SSF2
PIB1
RAD34
IPK1
OMS1
YDR316W-A
YDR316W-B
HIM1
MCM21
YFT2
YDR320C
YDR320C-A
ASP1
TIM11
YDR322W
YDR323C
YDR324C
YDR325W
YSP2
YDR328C
PEX3
UBX5
YDR331W
IRC3
YDR333C
SWR1
MSN5
YDR336W
YDR337W
YDR338C
YDR339C
YDR341C
YDR342C
YDR343C
HXT3
SVF1
YDR347W
YDR348C
YPS7
YDR350C
SBE2
YDR352W
YDR353W
TRP4
YDR356W
YDR357C
GGA1
EAF1
YDR361C
YDR362C
ESC2
SEM1
YDR364C
YDR365C
YDR365W-A
YDR365W-B
YDR366C
YDR367W
YPR1
XRS2
YDR370C
CTS2
VPS74
YDR373W
YDR374C
BCS1
YDR376W
YDR377W
LSM6
YDR379C-A
RGA2
ARO10
YDR381C-A
YDR381W
RPP2B
NKP1
ATO3
EFT2
MUS81
YDR387C
RVS167
SAC7
YDR390C
YDR391C
SPT3
SHE9
YDR394W
SXM1
YDR397C
YDR398W
HPT1
URH1
DIT2
DIT1
YDR404C
YDR405W
PDR15
YDR407C
ADE8
SIZ1
YDR410C
DFM1
YDR412W
ERD1
YDR415C
YDR416W
YDR418W
RAD30
HKR1
ARO80
SIP1
CAD1
DYN2
SNX41
YDR427W
BNA7
YDR429C
CYM1
YDR432W
YDR434W
PPM1
PPZ2
YDR437W
THI74
LRS4
DOT1
APT2
YDR443C
YDR444W
ECM11
RPS17B
ADA2
YDR449C
YDR450W
YHP1
PPN1
TSA2
YDR454C
YDR456W
TOM1
HEH2
PFA5
YDR460W
YDR461W
YDR462W
STP1
YDR464W
RMT2
PKH3
YDR468C
SDC1
YDR470C
RPL27B
YDR472W
YDR473C
YDR474C
JIP4
YDR476C
SNF1
YDR478W
PEX29
DIG2
PHO8
CWC21
YDR483W
YDR484W
VPS72
VPS60
YDR487C
PAC11
YDR489W
PKH1
IZH1
AIM8
RSM28
VPS3
PUF6
ITR1
YDR498C
YDR499W
RPL37B
PLM2
SAM2
LPP1
SPG3
PSP1
YDR506C
GIN4
GNP1
YDR510W
ACN9
EMI1
GRX2
YDR514C
SLF1
EMI2
GRH1
EUG1
FPR2
URC2
SPS2
YDR523C
AGE1
SNA2
YDR527W
HLR1
YDR529C
APA2
YDR531W
YDR532C
HSP31
FIT1
STL1
PAD1
YDR539W
IRC4
YDR541C
PAU10
YDR545W
YEL001C
YEL002C
GIM4
YEL004W
YEL005C
YEA6
YEL007W
YEL009C
GLC3
UBC8
YEL013W
YEL015W
NPP2
PMP2
YEL017W
EAF5
YEL019C
YEL020C
YEL020W-A
YEL021W
YEL022W
YEL023C
RIP1
YEL025C
YEL026W
CUP5
YEL029C
YEL030W
SPF1
YEL032W
YEL034W
YEL035C
ANP1
RAD23
UTR4
YEL039C
UTR2
YEL041W
YEL042W
YEL043W
YEL044W
YEL046C
YEL047C
YEL048C
YEL049W
RML2
VMA8
YEL052W
YEL053C
YEL054C
YEL055C
YEL056W
YEL057C
YEL058W
YEL059C-A
PRB1
CIN8
YEL062W
YEL063C
YEL064C
SIT1
YEL066W
YEL067C
YEL069C
DSF1
YEL071W
YEL072W
YEL073C
YEL075C
YEL076C
YEL076C-A
YEL077C
YER001W
NOP16
YER003C
FMP52
YND1
YER006W
TMA20
YER007W
SEC3
YER009W
YER010C
YER011W
YER012W
YER013W
YER014C-A
YER014W
FAA2
BIM1
AFG3
YER018C
SBH2
YER019W
YER020W
YER021W
YER022W
YER023W
YER024W
YER025W
YER026C
YER027C
YER028C
YER029C
CHZ1
YPT31
FIR1
ZRG8
YER034W
EDC2
YER036C
PHM8
YER038C
YER039C
YER039C-A
YER040W
YER041W
MXR1
YER043C
YER044C
MEI4
ACA1
SPO73
SAP1
CAJ1
YER048W-A
TPA1
YER050C
JHD1
HOM3
PIC2
YER053C-A
GIP2
YER055C
FCY2
YER056C-A
YER057C
YER058W
PCL6
FCY21
YER060W-A
CEM1
HOR2
THO1
YER064C
ICL1
YER066W
RGI1
YER068W
YER069W
YER070W
YER071C
VTC1
ALD5
RPS24A
YER074W-A
PTP3
YER076C
YER077C
ICP55
YER079W
AIM9
SER3
YER082C
GET2
YER085C
ILV1
YER087C-A
SBH1
YER087W
DOT6
PTC2
TRP2
MET6
IES5
YER093C
AIM11
YER094C
RAD51
SHC1
UBP9
YER099C
UBC6
AST2
YER102W
YER103W
YER104W
NUP157
MAM1
GLE2
YER108C
FLO8
YER110C
SWI4
YER112W
TMN3
BOI2
SPR6
SLX8
YER117W
SHO1
AVT6
SCS2
YER121W
YER122C
YCK3
DSE1
YER125W
YER126C
YER127W
YER128W
SAK1
COM2
RPS26B
PMD1
YER133W
YER134C
YER136W
YER137C
YER137C-A
YER138C
YER138W-A
RTR1
YER140W
YER141W
MAG1
DDI1
UBP5
FTR1
YER146W
YER147C
YER148W
PEA2
SPI1
UBP3
YER152C
PET122
YER154W
BEM2
YER156C
YER157W
YER158C
YER159C
YER159C-A
YER160C
SPT2
RAD4
YER163C
CHD1
YER165W
DNF1
BCK2
YER168C
YER169W
ADK2
YER171W
YER172C
RAD24
GRX4
TMT1
ECM32
BMH1
PDA1
DMC1
ISC10
SLO1
FMP10
FAU1
YER184C
PUG1
YER186C
YER187W
YER187W-A
YER189W
YER190W
DEG1
YFL002C
YFL002W-A
YFL002W-B
MSH4
VTC2
YFL005W
YFL006W
BLM10
YFL008W
YFL009W
WWM1
AUA1
HXT10
YFL011W-A
YFL012W
IES1
HSP12
YFL016C
YFL017C
YFL017W-A
YFL018C
YFL018W-A
PAU5
GAT1
YFL022C
BUD27
YFL024C
BST1
YFL026W
GYP8
CAF16
YFL029C
AGX1
HAC1
RIM15
RPL22B
YFL034C-B
YFL034W
YFL035C
YFL035C-A
YFL035C-B
RPO41
YFL037W
YFL038C
YFL039C
YFL040W
FET5
YFL042C
OTU1
YFL045C
FMP32
RGD2
EMP47
SWP82
ALR2
YFL051C
YFL052W
DAK2
YFL054C
AGP3
AAD6
AAD16
YFL058W
YFL059W
YFL060C
YFL061W
YFL062W
YFL064C
YFL065C
YFL066C
YFL067W
YFL068W
YFR001W
YFR002W
YFR003C
YFR004W
YFR005C
YFR006W
YFH7
FAR7
GCN20
UBP6
AIM13
YFR012W
YFR012W-A
IOC3
CMK1
GSY1
YFR016C
YFR017C
YFR018C
YFR019W
ATG18
ROG3
PES4
YFR024C
LSB3
YFR025C
ULI1
YFR027W
YFR028C
YFR029W
MET10
YFR031C
RPL2A
YFR032C
RPL29
QCR6
PHO4
YFR035C
YFR036W
YFR037C
IRC5
YFR039C
SAP155
ERJ5
YFR042W
YFR043C
DUG1
YFR045W
CNN1
BNA6
RMD8
YMR31
YFR050C
YFR051C
YFR052W
HXK1
IRC7
YFR057W
YGL001C
ERP6
CDH1
RPN14
COG7
PMC1
YGL008C
LEU1
YGL010W
YGL011C
YGL012W
PDR1
PUF4
YGL015C
KAP122
ATE1
YGL018C
CKB1
GET1
ALK1
YGL022W
PIB2
YGL025C
YGL026C
CWH41
SCW11
CGR1
YGL030W
RPL24A
AGA2
YGL033W
MIG1
YGL036W
PNC1
YGL038C
YGL039W
YGL040C
DST1
YGL044C
RIM8
YGL046W
YGL047W
YGL048C
YGL049C
TYW3
MST27
PRM8
ERV14
YGL055W
SDS23
YGL057C
RAD6
PKP2
YBP2
YGL061C
PYC1
PUS2
YGL064C
YGL065C
SGF73
NPY1
YGL068W
YGL070C
AFT1
YGL073W
YGL075C
YGL076C
HNM1
DBP3
YGL079W
FMP37
YGL081W
YGL082W
SCY1
GUP1
YGL085W
MAD1
MMS2
MF(ALPHA)2
LIF1
YGL091C
YGL092W
YGL093W
PAN2
VPS45
TOS8
YGL097W
YGL098W
YGL099W
SEH1
YGL101W
YGL103W
VPS73
ARC1
YGL106W
YGL107C
YGL108C
CUE3
YGL111W
YGL112C
YGL113W
YGL114W
SNF4
YGL116W
YGL117W
YGL119W
YGL120C
GPG1
YGL122C
YGL123W
MON1
MET13
SCS3
SOH1
YGL128C
YGL129C
YGL130W
SNT2
ITC1
YGL134W
RPL1B
YGL136C
YGL137W
YGL138C
FLC3
YGL140C
HUL5
YGL142C
YGL143C
ROG1
YGL145W
YGL146C
RPL9A
ARO2
YGL150C
NUT1
PEX14
YGL154C
YGL155W
AMS1
YGL157W
RCK1
YGL159W
AIM14
YIP5
SUT1
RAD54
YRB30
CUP2
PMR1
HUR1
YGL169W
SPO74
YGL171W
YGL172W
KEM1
BUD13
SAE2
YGL176C
YGL178W
TOS3
ATG1
GTS1
MND1
STR3
YGL185C
YGL186C
COX4
YGL189C
YGL190C
COX13
YGL192W
YGL193C
HOS2
GCN1
DSD1
MDS3
YIP4
EMP24
YGL201C
ARO8
KEX1
POX1
YGL206C
YGL207W
SIP2
MIG2
YPT32
YGL210W-A
NCS6
VAM7
SKI8
CLG1
KIP3
YGL219C
YGL220W
NIF3
EDC1
YGL223C
SDT1
YGL225W
OST5
MTC3
VID30
SHE10
SAP4
YGL230C
EMC4
TAN1
YGL233W
ADE5,7
YGL235W
MTO1
HAP2
YGL238W
YGL240W
KAP114
YGL242C
TAD1
RTF1
YGL245W
YGL246C
YGL247W
PDE1
ZIP2
YGL250W
HFM1
RTG2
HXK2
FZF1
ZRT1
ADH4
MNT2
VEL1
YGL258W-A
YPS5
YGL260W
PAU11
YGL262W
COS12
AML1
YGR002C
CUL3
PEX31
YGR005C
YGR006W
MUQ1
STF2
YGR009C
NMA2
YGR012W
YGR013W
MSB2
YGR015C
YGR016W
YGR017W
UGA1
YGR020C
YGR021W
MTL1
YGR024C
YGR026W
RPS25A
YGR027W-A
YGR027W-B
MSP1
YGR029W
YGR030C
YGR031W
GSC2
TIM21
RPL26B
YGR035C
YGR036C
ACB1
YGR038C-A
YGR038C-B
ORM1
KSS1
BUD9
YGR042W
NQM1
RME1
YGR046W
YGR047C
YGR048W
SCM4
FMP48
YGR053C
YGR054W
MUP1
YGR056W
YGR057C
PEF1
SPR3
YGR060W
ADE6
YGR062C
YGR063C
YGR065C
YGR066C
YGR067C
ART5
ROM1
YGR071C
UPF3
YGR074W
YGR075C
YGR076C
PEX8
YGR078C
YGR079W
TWF1
SLX9
YGR082W
YGR083C
MRP13
RPL11B
PIL1
PDC6
CTT1
NNF2
YGR090W
YGR091W
DBF2
DRN1
YGR094W
YGR095C
TPC1
ASK10
YGR098C
YGR099W
MDR1
PCP1
YGR102C
YGR103W
YGR104C
VMA21
VOA1
CLB1
CLB6
YGR109W-A
YGR109W-B
YGR110W
YGR111W
SHY1
YGR113W
YGR116W
YGR117C
RPS23A
YGR119C
YGR120C
MEP1
YGR122W
PPT1
ASN2
YGR125W
YGR126W
YGR127W
YGR128C
SYF2
YGR130C
YGR131W
PHB1
PEX4
CAF130
PRE9
LSB1
TPO2
YGR140W
VPS62
BTN2
SKN1
THI4
YGR145W
YGR146C
YGR147C
RPL24B
YGR149W
YGR150C
RSR1
YGR153W
GTO1
CYS4
YGR156W
CHO2
YGR158C
YGR159C
RTS3
YGR161C-C
YGR161C-D
YGR161W-A
YGR161W-B
YGR162W
YGR163W
YGR165W
KRE11
CLC1
YGR168C
PUS6
PSD2
YGR171C
YGR172C
RBG2
CBP4
YGR175C
ATF2
PBP1
YGR179C
YGR180C
TIM13
QCR9
UBR1
YGR185C
YGR186W
HGH1
BUB1
CRH1
YGR191W
TDH3
PDX1
XKS1
YGR195W
FYV8
SNG1
YGR198W
PMT6
ELP2
YGR201C
PCT1
YGR203W
YGR204W
YGR205W
MVB12
YGR207C
SER2
TRX2
YGR210C
YGR211W
SLI1
RTA1
RPS0A
YGR215W
YGR216C
CCH1
YGR218W
YGR220C
TOS2
YGR222W
HSV2
AZR1
AMA1
DIE2
SMI1
BNS1
PHB2
NAS6
PHO81
YHB1
YGR235C
SPG1
YGR237C
KEL2
PEX21
YGR240C
YAP1802
FMP43
LSC2
YGR245C
YGR246C
CPD1
SOL4
MGA1
YGR250C
YGR251W
GCN5
YGR253C
ENO1
YGR255C
GND2
YGR257C
YGR258C
TNA1
APL6
BUD32
SAY1
YGR264C
YGR266W
YGR267C
HUA1
YTA7
YGR271C-A
SLH1
YGR272C
IBI1
YGR274C
RTT102
RNH70
YGR277C
YGR278W
SCW4
YGR280C
YOR1
BGL2
YGR283C
ERV29
ZUO1
BIO2
YGR287C
MAL13
MAL11
MAL12
PAU12
YGR295C
YGR296W
RPL14B
HSE1
YHL003C
YHL004W
SHU1
YHL007C
YHL008C
YAP3
YHL009W-A
YHL009W-B
BRP2
YHL011C
YHL012W
OTU2
YLF2
YHL015W
DUR3
YHL017W
YHL018W
APM2
OPI1
AIM17
SPO11
RMD11
RIM4
SNF6
YHL026C
RIM101
WSC4
OCA5
ECM29
YHL031C
GUT1
RPL8A
SBP1
VMR1
MUP3
YHL038C
YHL039W
ARN1
YHL042W
ECM34
YHL044W
PAU13
ARN2
YHL048W
YHL049C
YHL050C
YHR001W
QCR10
YHR002W
YHR003C
NEM1
YHR005C
YHR005C-A
STP2
YHR007C
SOD2
YHR009C
YHR010W
YHR011W
VPS29
ARD1
SPO13
MIP6
YSC84
YSC83
YHR018C
YHR019C
YHR020W
RPS27B
ECM12
YHR022C
YHR023W
YHR024C
YHR025W
YHR026W
YHR027C
DAP2
YHI9
SLT2
RRM3
YHR032W
YHR033W
PIH1
YHR035W
YHR036W
PUT2
RRF1
YHR039BC
MSC7
VMA10
YHR039C-B
YHR040W
SRB2
YHR042W
DOG2
DOG1
YHR045W
INM1
AAP1
YHK8
FSH1
SMF2
COX6
YHR052W
YHR053C
YHR054C
YHR055C
YHR056C
CPR2
YHR058C
FYV4
VMA22
GIC1
YHR062C
YHR063C
SSZ1
YHR065C
SSF1
HTD2
YHR068W
YHR069C
YHR070W
YHR071W
YHR072W
YHR072W-A
OSH3
YHR074W
PPE1
PTC7
NMD2
YHR078W
YHR079BC
IRE1
YHR079C-A
YHR079C-B
YHR080C
LRP1
KSP1
YHR083W
YHR084W
YHR085W
NAM8
RTC3
YHR088W
YHR089C
YHR090C
YHR091C
HXT4
HXT1
HXT5
YHR097C
YHR098C
YHR099W
YHR100C
YHR101C
YHR102W
SBE22
GRE3
YPT35
TRR2
YHR107C
GGA2
CTM1
ERP5
UBA4
YHR112C
YHR113W
BZZ1
YHR115C
COX23
TOM71
YHR118C
YHR119W
MSH1
LSM12
YHR122W
EPT1
NDT80
ANS1
YHR127W
YHR128W
ARP1
YHR131C
ECM14
IGO2
NSG1
WSS1
YCK1
SPL2
ARO9
YHR138C
SPS100
YHR140W
YHR141C
CHS7
DSE2
YHR143W-A
YHR144C
CRP1
YHR147C
YHR148W
YHR149C
PEX28
MTC6
SPO12
SPO16
RTT107
YSP1
LIN1
REC104
KEL1
YHR159W
PEX18
YAP1801
YHR162W
SOL3
YHR164C
PRP8
YHR166C
THP2
YHR168W
YHR169W
YHR170W
ATG7
YHR172W
ENO2
YHR175W
FMO1
YHR177W
STB5
OYE2
SVP26
YHR182W
YHR183W
SSP1
PFS1
YHR186C
IKI1
YHR188C
PTH1
YHR190W
CTF8
YHR192W
EGD2
MDM31
NVJ1
YHR196W
YHR197W
AIM18
AIM46
RPN10
YHR201C
YHR202W
RPS4B
MNL1
YHR205W
SKN7
SET5
BAT1
CRG1
YHR210C
YHR211W
YHR213W
YHR214C-B
YHR214C-C
YHR214W
PHO12
YHR216W
YHR218W
YHR219W
YIL001W
INP51
YIL003W
YIL004C
EPS1
YIA6
NAS2
URM1
EST3
YIL009W
DOT5
TIR3
PDR11
MNT3
YIL015C-A
BAR1
SNL1
VID28
YIL017W
RPL2B
YIL019W
YIL020C
YIL021W
YIL022W
YKE4
YIL024C
YIL026C
YIL027C
YIL029C
SSM4
YIL031W
BCY1
CAP2
CKA1
CST6
PRM2
NOT3
YIL039W
APQ12
GVP36
PKP1
CBR1
AGE2
PIG2
YIL046W
SYG1
YIL048W
YIL049W
PCL7
YIL051C
RPL34B
RHR2
YIL055C
VHR1
RGI2
YIL060W
YIL061C
YIL062C
YIL063C
SEE1
FIS1
RNR3
YIL067C
YIL068C
RPS24B
YIL070C
PCI8
YIL071W
HOP1
SPO22
SER33
YIL075C
SEC28
YIL077C
YIL078W
AIR1
YIL080W
YIL082W-A
YIL083C
SDS3
KTR7
LRC2
AVT7
YIL089W
ICE2
YIL091C
YIL092W
YIL093C
YIL094C
PRK1
YIL096C
FYV10
FMC1
SGA1
XBP1
YIL102C
DPH1
YIL104C
SLM1
YIL106W
PFK26
YIL108W
YIL109C
MNI1
COX5B
HOS4
SDP1
POR2
YIL115C
YIL116W
PRM5
YIL118W
RPI1
QDR1
QDR2
POG1
SIM1
AYR1
YIL125W
YIL126W
YIL127C
YIL128W
YIL129C
ASG1
FKH1
CSM2
RPL16A
FLX1
VHS2
OM45
TMA108
TPM2
REV7
AXL2
YIL142W
YIL143C
YIL144W
PAN6
ECM37
YIL147C
YIL148W
MLP2
YIL150C
ESL1
YIL152W
RRD1
IMP2
GUT2
UBP7
YIL157C
AIM20
BNR1
POT1
YIL161W
SUC2
NIT1
YIL165C
YIL166C
SDL1
YIL168W
YIL169C
HXT12
YIL171W
YIL172C
VTH1
YIL174W
YIL175W
YIL176C
YIL177C
SGN1
MPH1
AIM21
YIR004W
IST3
YIR006C
YIR007W
YIR008C
YIR009W
YIR010W
YIR011C
YIR012W
GAT4
YIR014W
YIR015W
YIR016W
MET28
YAP5
MUC1
YIR021W
YIR022W
DAL81
YIR024C
MND2
YIR026C
DAL1
DAL4
DAL2
DCG1
DAL7
DAL3
MGA2
YIR034C
YIR035C
IRC24
HYR1
GTT1
YPS6
PAU15
YIR042C
YIR043C
YIR044C
YJL001W
YJL002C
YJL003W
SYS1
YJL005W
YJL006C
YJL008C
YJL010C
YJL011C
VTC4
YJL012C-A
MAD3
YJL014W
YJL016W
YJL017W
YJL018W
YJL019W
BBC1
YJL021C
YJL023C
APS3
YJL025W
YJL026W
YJL027C
YJL028W
YJL029C
MAD2
YJL031C
YJL033W
YJL034W
YJL035C
SNX4
IRC18
LOH1
YJL039C
YJL041W
MHP1
YJL043W
GYP6
YJL045W
AIM22
RTT101
UBX6
YJL049W
YJL050W
IRC8
YJL052C-A
TDH1
PEP8
YJL054W
YJL055W
YJL056C
IKS1
BIT61
YHC3
BNA3
YJL061W
LAS21
YJL062W-A
YJL063C
DLS1
MPM1
YJL068C
YJL069C
YJL070C
YJL071W
YJL072C
JEM1
YJL074C
YJL076W
ICS3
PRY3
PRY1
YJL080C
YJL081C
IML2
TAX4
ALY2
EXO70
YJL087C
YJL088W
SIP4
YJL090C
YJL091C
SRS2
TOK1
KHA1
BCK1
YJL096W
YJL097W
SAP185
CHS6
LSB6
GSH1
YJL102W
GSM1
YJL104W
SET4
IME2
YJL107C
PRM10
YJL109C
GZF3
YJL111W
MDV1
YJL113W
YJL114W
ASF1
NCA3
PHO86
YJL118W
RPE1
ALB1
MTC1
LSM1
YJL125C
NIT2
YJL127C
PBS2
YJL129C
URA2
YJL131C
YJL132W
MRS3
LCB3
RPS21B
GLG2
TIF2
YUR1
YJL140W
YAK1
YJL143W
YJL144W
SFH5
IDS2
YJL147C
RPA34
DAS1
SNA3
INO1
VPS35
FBP26
YJL156C
YJL157C
CIS3
HSP150
YJL160C
FMP33
JJJ2
YJL163C
TPK1
HAL5
QCR8
YJL167W
SET2
ASG7
YJL171C
CPS1
YJL173C
YJL174W
SWI3
RPL17B
ATG27
YJL179W
ATP12
YJL181W
MNN11
YJL184W
YJL185C
MNN5
SWE1
YJL189W
YJL190C
RPS14B
SOP4
YJL193W
YJL194W
ELO1
UBP12
PHO90
YJL200C
ECM25
YJL203W
YJL204C
NCE101
YJL205C-A
YJL206C
YJL206C-A
YJL207C
NUC1
YJL209W
PEX2
OPT1
YJL213W
HXT8
YJL216C
REE1
YJL218W
YJL219W
YJL221C
YJL222W
YJL223C
YJL225C
AVT1
YJR002W
YJR003C
YJR004C
APL1
YJR006W
YJR007W
YJR008W
TDH2
SPC1
MET3
YJR011C
YJR012C
YJR013W
TMA22
YJR015W
YJR016C
YJR017C
TES1
REC107
YJR022W
MDE1
BNA1
YJR026W
YJR027W
YJR028W
YJR029W
YJR030C
GEA1
CPR7
RAV1
YJR034W
RAD26
HUL4
YJR039W
GEF1
YJR041C
YJR042W
POL32
VPS55
YJR045C
YJR046W
ANB1
CYC1
UTR1
ISY1
OSM1
RAD7
BFA1
ERM6
YJR055W
YJR056C
YJR057W
APS2
PTK2
CBF1
YJR061W
NTA1
YJR063W
YJR064W
YJR065C
TOR1
YJR067C
YJR068W
HAM1
LIA1
YJR072C
OPI3
MOG1
HOC1
YJR076C
MIR1
BNA2
YJR079W
AIM24
EAF6
ACF4
CSN12
YJR085C
YJR086W
EMC2
YJR089W
YJR090C
JSN1
BUD4
YJR093C
IME1
RPL43B
SFC1
YJR096W
JJJ3
YJR098C
YUH1
AIM25
YJR101W
VPS25
URA8
YJR104C
YJR105W
ECM27
YJR107W
ABM1
YJR109C
YMR1
YJR111C
YJR112W
RSM7
YJR115W
YJR116W
STE24
ILM1
JHD2
YJR120W
YJR121W
YJR122W
YJR123W
YJR124C
ENT3
VPS70
RSF2
YJR129C
STR2
MNS1
YJR132W
XPT1
SGM1
MCM22
YJR135W-A
YJR136C
ECM17
YJR138W
HOM6
HIR3
YJR141W
YJR142W
YJR143C
YJR144W
YJR145C
HMS2
YJR148W
YJR149W
DAN1
DAN4
DAL5
PGU1
YJR154W
YJR155W
YJR156C
YJR158W
YJR159W
YJR160C
YJR161C
MET14
DID4
YKL003C
YKL004W
BYE1
YKL006C-A
RPL14A
CAP1
LAC1
MRT4
UFD4
YKL011C
YKL012W
YKL013C
YKL014C
PUT3
YKL016C
HCS1
YKL018C-A
YKL018W
YKL019W
SPT23
YKL021C
YKL022C
YKL023W
YKL024C
PAN3
GPX1
YKL027W
YKL028W
MAE1
IXR1
YKL033W
YKL033W-A
TUL1
YKL035W
YKL037W
RGT1
PTM1
NFU1
VPS24
YKL042W
PHD1
YKL045W
DCW1
ANR2
ELM1
YKL049C
YKL050C
SFK1
YKL052C
MDM35
YKL054C
OAR1
TMA19
NUP120
YKL058W
YKL059C
YKL060C
YKL061W
MSN4
YKL063C
MNR2
YET1
YNK1
NUP100
YKL069W
YKL070W
YKL071W
STB6
LHS1
MUD2
YKL075C
YKL077W
YKL078W
SMY1
VMA5
TEF4
YKL082C
HOT13
MDH1
SRX1
CYT2
YKL088W
YKL089W
CUE2
YKL091C
BUD2
MBR1
YJU3
YKL095W
CWP1
CWP2
YKL097W-A
MTC2
YKL099C
YKL100C
HSL1
LAP4
YKL104C
YKL105C
YKL106C-A
AAT1
YKL107W
YKL108W
HAP4
KTI12
YKL112W
RAD27
APN1
PRR1
SBA1
YKL119C
OAC1
DGR2
YKL122C
SSH4
YKL125W
YKL126W
PGM1
PMU1
MYO3
SHE2
RMA1
YKL133C
YKL134C
APL2
CMC1
YKL138C
YKL138C-A
YKL139W
TGL1
YKL141W
MRP8
YKL143W
YKL144C
YKL145W
AVT3
SDH1
DBR1
MCR1
YKL151C
YKL152C
YKL154W
YKL155C
RPS27A
APE2
YKL158W
RCN1
ELF1
YKL161C
YKL162C
PIR3
PIR1
YKL165C
TPK3
MRP49
KKQ8
YKL170W
YKL171W
YKL172W
YKL173W
TPO5
ZRT3
LST4
STE3
COY1
YKL180W
YKL181W
YKL182W
LOT5
SPE1
ASH1
YKL186C
YKL187C
PXA2
YKL189W
CNB1
DPH2
YKL192C
YKL193C
YKL194C
YKL195W
YKL196C
PEX1
PTK1
YKL199C
YKL200C
MNN4
YKL203C
YKL204W
LOS1
ADD66
LRC3
CBT1
YKL209C
YKL210W
TRP3
SAC1
DOA1
YRA2
YKL215C
URA1
JEN1
SRY1
YKL219W
FRE2
MCH2
YKL222C
YKL224C
YKR001C
YKR002W
OSH6
YKR004C
YKR004C-A
YKR005C
YKR006C
MEH1
YKR008W
FOX2
TOF2
YKR011C
PRY2
YPT52
YKR015C
AIM28
YKR017C
YKR018C
IRS4
VPS51
ALY1
YKR022C
YKR023W
DBP7
YKR025W
GCN3
BCH2
SAP190
SET3
GMH1
SPO14
DAL80
DID2
CAF4
YKR037C
YKR038C
GAP1
YKR041W
UTH1
YKR043C
UIP5
YKR045C
PET10
NAP1
FMP46
TRK2
YKR051W
MRS4
YSR3
DYN1
RHO4
TRM2
RPS21A
GLG1
TIF1
UTP30
KTR2
YKR062W
YKR063C
OAF3
PAM17
CCP1
GPT2
YKR068C
MET1
YKR070W
YKR071C
SIS2
AIM29
YKR075C
ECM4
MSA2
YKR078W
YKR079C
MTD1
YKR081C
NUP133
YKR083C
HBS1
YKR085C
YKR086W
OMA1
TVP38
TGL4
PXL1
SRL3
SRP40
PTR2
RPL40B
MLP1
YKR095W-A
ESL2
PCK1
UBP11
YKR099C-A
BAS1
SKG1
YKR101W
FLO10
NFT1
YKR104W
VBA5
YKR106W
DNM1
RTT109
YLL003W
YLL004W
SPO75
MMM1
YLL007C
YLL008W
YLL009C
PSR1
YLL011W
YEH1
PUF3
EMC6
BPT1
SDC25
YLL017W
YLL018C
YLL018C-A
KNS1
SPA2
YLL022C
YLL023C
SSA2
PAU17
HSP104
YLL027W
TPO1
FRA1
YLL031C
YLL032C
YLL033W
YLL034C
YLL035W
YLL036C
ENT4
UBI4
VPS13
SDH2
ATG10
FPS1
RPL8B
RNP1
YBT1
LDB18
YLL050C
FRE6
AQY2
YLL053C
YLL054C
YCT1
YLL056C
JLP1
YLL058W
GTT2
MMP1
MHT1
AYT1
YLL064C
YLL066C
YLL067C
YLR001C
YLR002C
CMS1
THI73
YLR005W
SSK1
YLR007W
YLR008C
YLR009W
YLR010C
LOT6
YLR012C
GAT3
PPR1
BRE2
PML1
MEU1
POM34
PSR2
YEH2
IRC25
YLR022C
IZH3
UBR2
YLR025W
YLR026C
YLR027C
ADE16
YLR029C
YLR030W
YLR031W
RAD5
YLR033W
SMF3
MLH2
YLR035C-A
YLR036C
DAN2
COX12
RIC1
YLR040C
YLR042C
TRX1
PDC1
YLR045C
YLR046C
FRE8
RPS0B
YLR049C
YLR050C
YLR051C
YLR052W
YLR053C
OSW2
YLR055C
ERG3
YLR057W
SHM2
REX2
YLR060W
RPL22A
YLR063W
YLR064W
YLR065C
YLR066W
YLR067C
FYV7
YLR069C
XYL2
YLR071C
YLR072W
YLR073C
YLR074C
YLR075W
FMP25
YLR078C
SIC1
EMP46
GAL2
SRL2
EMP70
RAX2
ARP6
YLR086W
CSF1
YLR088W
ALT1
XDJ1
YLR091W
SUL2
NYV1
GIS3
IOC2
KIN2
HRT3
CHA4
ICT1
YLR099W-A
YLR100W
APC9
YLR103C
YLR104W
YLR105C
YLR106C
REX3
YLR108C
AHP1
CCW12
HOG1
AVL9
YLR115W
YLR116W
YLR117C
YLR118C
SRN2
YPS1
YPS3
YLR125W
YLR126C
YLR127C
DCN1
YLR129W
ZRT2
ACE2
YLR132C
CKI1
PDC5
SLX4
TIS11
YLR137W
NHA1
YLR139C
YLR141W
PUT1
YLR143W
ACF2
YLR145W
SPE4
YLR147C
PEP3
YLR149C
STM1
PCD1
YLR152C
YLR153C
RNH203
YLR154W-A
YLR154W-C
YLR155C
YLR156W
YLR157C
YLR157C-A
YLR157C-B
ASP3-3
YLR159W
ASP3-4
YLR161W
YLR162W
YLR163C
YLR164W
PUS5
YLR166C
YLR167W
UPS2
APS1
DPH5
YLR173W
IDP2
YLR175W
RFX1
YLR177W
TFS1
YLR179C
SAM1
VTA1
SWI6
TOS4
RPL37A
YLR186W
SKG3
MDL1
ATG26
MMR1
PEX13
HCR1
UPS1
YLR194C
YLR195C
YLR196W
YLR197W
PBA1
YKE2
YLR201C
YLR203C
YLR204W
HMX1
ENT2
HRD3
YLR208W
PNP1
CLB4
YLR211C
YLR212C
CRR1
FRE1
YLR215C
CPR6
YLR218C
MSC3
CCC1
RSA3
YLR222C
YLR223C
YLR224W
YLR225C
YLR226W
ADY4
YLR227W-A
YLR227W-B
ECM22
YLR229C
BNA5
EST1
YLR234W
THI7
FAR10
LIP2
YLR240W
YLR241W
ARV1
YLR243W
YLR244C
YLR245C
ERF2
IRC20
RCK2
YLR249W
SSP120
SYM1
YLR253W
NDL1
YLR256W
YLR256W-A
YLR257W
GSY2
YLR259C
LCB5
YPT6
TMA7
RED1
RPS28B
NEJ1
PDR8
BOP2
SEC22
YLR270W
YLR271W
YLR272C
PIG1
YLR274W
YLR275W
YLR276C
YLR277C
YLR278C
YLR281C
YLR283W
ECI1
NNT1
CTS1
YLR287C
RPS30A
MEC3
GUF1
YLR290C
YLR291C
SEC72
YLR293C
ATP14
YLR297W
YLR298C
ECM38
EXG1
YLR301W
MET17
YLR304C
YLR305C
UBC12
CDA1
CDA2
IMH1
YLR310C
QNQ1
YLR312C-B
YLR312W-A
SPH1
YLR314C
NKP2
YLR316C
YLR318W
BUD6
MMS22
YLR321C
YLR323C
PEX30
RPL38
YLR326W
TMA10
NMA1
REC102
CHS5
MID2
RPS25B
NUP2
YLR336C
VRP1
YLR337W
YLR340W
SPO77
FKS1
GAS2
RPL26A
YLR345W
YLR346C
YLR347C
DIC1
ORM2
NIT3
YLR352W
BUD8
TAL1
YLR355C
YLR356W
RSC2
YLR359W
VPS38
DCR2
YLR362W
NMD4
YLR363W-A
GRX8
RPS22B
MDM30
SSQ1
ARC18
ROM2
SUR4
VID22
STP3
PSY3
FBP1
YLR378C
CSR1
CTF3
YLR382C
YLR383W
IKI3
SWC7
VAC14
REH1
RPS29A
STE23
ECM19
CCW14
YLR391W
YLR391W-A
YLR392C
ATP10
CST9
COX8
VPS33
YLR397C
SKI2
YLR399C
DUS3
YLR403W
FLD1
DUS4
RPL31B
YLR407W
YLR408C
YLR409C
VIP1
YLR410W-A
YLR410W-B
YLR411W
BER1
YLR413W
YLR414C
YLR415C
VPS36
CDC73
YLR419W
URA4
RPN13
YLR422W
ATG17
YLR424W
YLR425W
YLR426W
MAG2
CRN1
YLR430W
ATG23
IMD3
CNA1
YLR435W
ECM30
DIF1
YLR438C-A
CAR2
YLR439W
YLR440C
RPS1A
YLR442C
ECM7
YLR445W
YLR446W
VMA6
RPL6B
FPR4
HMG2
LEU3
SST2
RIF2
FMP27
YLR455W
YLR456W
YLR457C
YLR459W
YLR460C
PAU4
YLR462W
YLR464W
YLR466W
YLR467W
YPT7
YML002W
YML003W
GLO1
TRM12
GIS4
YML007C-A
YAP1
ERG6
MRPL39
YML010W
RAD33
ERV25
YML013W
TRM9
YML015C
PPZ1
PSP2
YML018C
OST6
YML020W
UNG1
YML022W
YML023C
YML024W
YML025C
RPS18B
YOX1
TSA1
USA1
AIM31
YML031W
RAD52
YML033W
SRC1
AMD1
YML036W
YML037C
YMD8
YML039W
YML040W
VPS71
CAT2
YML043C
YML045W
YML045W-A
YML046W
PRM6
GSF2
YML049C
AIM32
GAL80
SUR7
YML053C
CYB2
SPC2
IMD4
CMP2
SML1
YML058W-A
NTE1
OGG1
YML061C
YML062C
RPS1B
YML064C
YML065W
SMA2
ERV41
ITT1
YML069W
DAK1
COG8
TCB3
RPL6A
FPR3
HMG1
WAR1
YML077W
CPR3
YML079W
YML080W
ATP18
YML081W
YML082W
YML083C
YML085C
YML086C
AIM33
YML088W
YML091C
YML092C
YML093W
GIM5
RAD10
YML096W
VPS9
YML098W
ARG81
TSL1
YML100W-A
CUE4
CAC2
NUP188
MDM1
YML105C
URA5
PML39
YML108W
ZDS2
YML110C
BUL2
CTK3
DAT1
YML114C
YML115C
ATR1
NAB6
NGL3
YML119W
NDI1
GTR1
PHO84
TUB3
YML125C
YML126C
YML127W
MSC1
COX14
YML130C
YML131W
YML132W
YML133C
YMR001C
MIC17
AIM34
MVP1
YMR005W
PLB2
PLB1
ADI1
YMR010W
HXT2
CLU1
YMR013C
YMR014W
ERG5
SOK2
SPO20
YMR018W
STB4
FMS1
YMR021C
UBC7
MSS1
YMR024W
CSI1
PEX12
YMR027W
YMR028W
FAR8
RSF1
YMR031C
YMR032W
YMR033W
YMR034C
IMP2
MIH1
MSN2
YMR038C
SUB1
YET2
ARA2
ARG80
YMR043W
IOC4
YMR045C
YMR046C
YMR047C
CSM3
YMR049C
YMR050C
YMR051C
FAR3
STB2
STV1
BUB2
AAC1
FET3
YMR059W
SAM37
YMR061W
YMR062C
RIM9
YMR064W
KAR5
YMR066W
UBX4
AVO2
NAT4
MOT3
TVP18
YMR072W
IRC21
YMR074C
RCO1
YMR076C
VPS20
CTF18
YMR079W
NAM7
YMR081C
ADH3
YMR084W
YMR085W
YMR086W
YMR087W
VBA1
YMR089C
YMR090W
YMR091C
AIP1
YMR093W
YMR094W
SNO1
SNZ1
YMR097C
YMR098C
YMR099C
MUB1
SRT1
YMR102C
YPK2
PGM2
YKU80
SPG4
YMR108W
MYO5
HFD1
YMR111C
YMR112C
YMR113W
YMR114C
MGR3
ASC1
YMR117C
YMR118C
ASI1
ADE17
RPL15B
YMR122W-A
PKR1
YMR124W
YMR125W
DLT1
SAS2
YMR128W
POM152
YMR130W
YMR131C
JLP2
REC114
YMR134W
GID8
GAT2
PSO2
CIN4
RIM11
SIP5
YMR142C
RPS16A
YMR144W
NDE1
YMR146C
YMR147W
YMR148W
YMR149W
YMR150C
YIM1
NUP53
RIM13
YMR155W
TPP1
AIM36
YMR158C-B
YMR158W
ATG16
YMR160W
HLJ1
DNF3
INP2
MSS11
PAH1
YMR166C
MLH1
YMR168C
ALD3
ALD2
EAR1
HOT1
DDR48
PAI3
SIP18
ECM5
MMT1
YMR178W
SPT21
CTL1
YMR181C
RGM1
SSO2
YMR184W
YMR185W
HSC82
YMR187C
YMR188C
GCV2
SGS1
SPG5
GYL1
YMR193W
RPL36A
ICY1
YMR196W
YMR197C
CIK1
CLN1
YMR200W
RAD14
ERG2
YMR203W
INP1
PFK2
YMR206W
HFA1
YMR208W
YMR209C
YMR210W
YMR211W
YMR212C
YMR213W
SCJ1
GAS3
SKY1
YMR217W
YMR218C
ESC1
YMR220W
FMP42
FSH2
UBP8
MRE11
MRPL44
TMA29
YMR227C
YMR228W
YMR229C
RPS10B
YMR231W
FUS2
TRI1
RNH1
YMR235C
YMR236W
BCH1
DFG5
YMR239C
YMR240C
YHM2
YMR242C
ZRC1
YMR244C-A
YMR244W
FAA4
RKR1
GAD1
GTO3
HOR7
YMR252C
YMR253C
GFD1
COX7
YMR257C
YMR258C
YMR259C
YMR260C
TPS3
YMR262W
SAP30
CUE1
YMR265C
RSN1
YMR267W
YMR268C
YMR268W-A
TMA23
YMR270C
URA10
SCS7
ZDS1
RCE1
BUL1
DSK2
YMR277W
PGM3
YMR279C
CAT8
YMR281W
AEP2
RIT1
YKU70
NGL2
YMR286W
YMR287C
YMR288W
ABZ2
YMR290C
YMR291W
GOT1
YMR293C
JNM1
IBI2
YMR296C
PRC1
YMR298W
DYN3
ADE4
YMR301C
YME2
ADH2
UBP15
SCW10
FKS3
GAS1
YMR308C
YMR309C
YMR310C
GLC8
ELP6
TGL3
YMR314W
YMR315W
DIA1
YMR317W
ADH6
FET4
YMR321C
SNO4
YMR323W
YMR325W
DOM34
YNL002C
PET8
HRB1
YNL005C
YNL006W
YNL007C
ASI3
IDP3
YNL010W
YNL011C
SPO1
HEF3
PBI2
PUB1
YNL018C
YNL019C
ARK1
HDA1
YNL022C
FAP1
YNL024C
YNL025C
YNL026W
CRZ1
KTR5
HHF2
HHT2
SIW14
YNL033W
YNL034W
YNL035C
YNL036W
IDH1
YNL038W
YNL039W
YNL040W
COG6
BOP3
YIP3
YNL045W
YNL046W
SLM2
YNL048W
SFB2
YNL050C
COG5
COX5A
MSG5
YNL054W
YNL054W-A
YNL054W-B
YNL055C
OCA2
YNL058C
YNL059C
YNL061W
YNL062C
MTQ1
YDJ1
AQR1
SUN4
RPL9B
YNL067W-A
FKH2
YNL069C
TOM7
LAT1
RNH201
YNL073W
MLF3
YNL075W
MKS1
APJ1
NIS1
TPM1
EOS1
SWS2
PMS1
SAL1
YNL084C
MKT1
YNL086W
TCB2
YNL088W
RHO2
NST1
YNL092W
YPT53
APP1
YNL095C
RPS7B
PHO23
RAS2
OCA1
AIM37
AVT4
YNL102W
YNL103W
LEU4
YNL106C
YAF9
YNL108C
YNL110C
CYB5
YNL112W
YNL113W
YNL115C
DMA2
YNL117W
YNL118C
NCS2
TOM70
YNL122C
NMA111
YNL124W
ESBP6
YNL126W
FAR11
TEP1
NRK1
CPT1
YNL131W
YNL132W
YNL133C
YNL134C
FPR1
EAF7
YNL137C
YNL138W
YNL138W-A
YNL139C
AAH1
MEP2
YNL144C
MFA2
YNL146W
LSM7
YNL148C
YNL149C
YNL151C
YNL152W
GIM3
YCK2
YNL155W
NSG2
IGO1
YNL158W
ASI2
YNL160W
YNL161W
YNL162W
YNL162W-A
RIA1
YNL164C
YNL165W
YNL166C
YNL167C
YNL168C
PSD1
YNL172W
YNL173C
YNL175C
YNL176C
YNL177C
YNL178W
YNL180C
YNL181W
YNL182C
YNL183C
YNL185C
YNL186W
SWT21
YNL188W
YNL189W
YNL190W
YNL191W
YNL192W
YNL193W
YNL194C
YNL195C
YNL196C
WHI3
GCR2
YNL200C
YNL201C
YNL202W
YNL204C
YNL206C
YNL207W
YNL208W
YNL209W
YNL210W
YNL211C
YNL212W
YNL213C
YNL214W
IES2
YNL216W
YNL217W
YNL218W
ALG9
YNL220W
YNL221C
YNL222W
ATG4
YNL224C
YNL225C
YNL227C
URE2
ELA1
PDR16
YNL232W
BNI4
YNL234W
SIN4
YNL237W
YNL238W
YNL239W
YNL240C
YNL241C
YNL242W
YNL243W
YNL244C
YNL245C
YNL246W
YNL247W
YNL248C
YNL249C
RAD50
YNL251C
YNL252C
TEX1
YNL254C
GIS2
YNL256W
SIP3
YNL258C
ATX1
YNL260C
YNL261W
YNL262W
YNL263C
PDR17
YNL265C
YNL267W
YNL268W
YNL269W
ALP1
BNI1
YNL272C
TOF1
YNL274C
BOR1
YNL277W
YNL278W
YNL279W
YNL280C
HCH1
YNL282W
YNL283C
YNL284C
YNL284C-A
YNL284C-B
YNL286W
YNL287W
YNL288W
PCL1
YNL290W
MID1
PUS4
YNL293W
YNL294C
YNL295W
YNL297C
CLA4
TRF5
TOS6
YNL301C
RPS19B
YNL304W
YNL305C
YNL306W
MCK1
YNL308C
STB1
YNL310C
YNL311C
YNL312W
YNL313C
DAL82
ATP11
YNL316C
YNL317W
YNL318C
YNL320W
YNL321W
KRE1
YNL323W
YNL325C
YNL326C
YNL327W
MDJ2
YNL329C
RPD3
YNL331C
YNL332W
YNL333W
YNL334C
YNL335W
YNL336W
YNL339C
CIT1
ATO2
YNR003C
YNR004W
VPS27
ATG3
LRO1
NRM1
CSE2
YNR011C
URK1
PHO91
YNR014W
SMM1
YNR016C
YNR017W
AIM38
ARE2
ATP23
YNR021W
MRPL50
YNR023W
MPP6
YNR026C
BUD17
CPR8
YNR029C
ALG12
SSK2
HUB1
PPG1
ABZ1
SOL1
YNR034W-A
YNR035C
YNR036C
YNR037C
YNR038W
ZRG17
YNR040W
COQ2
YNR043W
AGA1
YNR045W
YNR046W
FPK1
YNR048W
MSO1
YNR050C
BRE5
YNR052C
YNR053C
YNR054C
HOL1
YNR056C
BIO4
BIO3
MNT4
FRE4
YNR061C
YNR062C
YNR063W
YNR064C
YNR065C
YNR066C
DSE4
YNR068C
BSC5
YNR070W
YNR071C
HXT17
YNR073C
AIF1
COS10
YNR076W
PHO80
IZH2
PFA4
SIN3
YOL005C
TOP1
CSI2
COQ10
MDM12
YOL010W
PLB3
HTZ1
HRD1
YOL013W-A
YOL014W
IRC10
CMK2
ESC8
TLG2
YOL019W
TAT2
YOL021C
YOL022C
YOL023W
YOL024W
LAG2
YOL026C
MDM38
YAP7
YOL029C
GAS5
SIL1
OPI10
YOL033W
YOL034W
YOL036W
YOL038W
RPP2A
YOL040C
NOP12
NGL1
NTG2
PEX15
PSK2
YOL047C
YOL048C
GSH2
YOL051W
SPE2
YOL052C-A
YOL053C-A
AIM39
PSH1
THI20
GPM3
YOL057W
YOL058W
GPD2
MAM3
PRS5
APM4
CRT10
MET22
INP54
YOL066C
RTG1
HST1
YOL069W
NBA1
EMI5
YOL072W
YOL073C
YOL075C
YOL076W
YOL077C
ATP19
YOL078W
REX4
IRA2
ATG19
YOL083W
PHM7
ADH1
YOL086W-A
DUF1
MPD2
HAL9
MSH2
SPO21
YOL092W
TRM10
YOL094C
HMI1
YOL096C
YOL097C
YOL098C
YOL100W
IZH4
YOL102C
ITR2
YOL103W-A
YOL103W-B
NDJ1
WSC3
YOL107W
INO4
ZEO1
SHR5
MDY2
MSB4
SKM1
YOL114C
PAP2
MSN1
RRI2
MCH4
YOL120C
YOL121C
SMF1
YOL123W
TRM11
YOL125W
MDH2
YOL127W
YGK3
VPS68
YOL130W
YOL131W
GAS4
YOL133W
YOL135C
PFK27
BSC6
YOL138C
YOL139C
YOL140W
PPM2
YOL142W
YOL143C
YOL144W
YOL145C
YOL146W
PEX11
YOL148C
YOL149W
GRE2
FRE7
YOL153C
YOL154W
HPF1
YOL156W
YOL157C
ENB1
YOL159C
YOL159C-A
YOL161C
YOL162W
YOL163W
YOL164W
YOL165C
RRP6
ALG6
YSP3
YOR004W
DNL4
TSR3
SGT2
YOR008C
YOR008C-A
TIR4
TIR2
AUS1
YOR012W
RTS1
ERP4
PET127
ROD1
YOR019W
YOR020C
YOR021C
YOR022C
AHC1
HST3
BUB3
STI1
CIN5
DFG16
CRS5
HMS1
EXO1
AKR2
SHE4
PEP12
CYC2
HIR2
CKB2
GLO4
CUE5
WHI2
IRC23
TOM6
YOR046C
STD1
YOR048C
RSB1
YOR051C
YOR052C
VHS3
YOR056C
YOR057W
ASE1
YOR059C
YOR060C
CKA2
YOR062C
YOR063W
YNG1
CYT1
MSA1
ALG8
VAM10
VPS5
GYP1
NRT1
YOR073W
YOR074C
YOR075W
SKI7
YOR077W
BUD21
ATX2
DIA2
TGL5
WHI5
LPX1
OST3
TCB1
YVC1
YOR088W
VPS21
PTC5
TMA46
ECM3
CMR2
ARF3
YOR095C
YOR096W
YOR097C
YOR098C
KTR1
CRC1
RAS1
YOR103C
PIN2
VAM3
RGS2
LEU9
INP53
YOR110W
YOR111W
CEX1
AZF1
YOR114W
TRS33
YOR116C
YOR117W
RTC5
YOR119C
GCY1
YOR122C
LEO1
UBP2
CAT5
IAH1
RGA1
ADE2
AFI1
YOR130C
YOR131C
VPS17
EFT1
BAG7
IDH2
SIA1
RUP1
SFL1
YOR141C
LSC1
YOR142W-A
YOR142W-B
YOR143C
ELG1
YOR145C
YOR147W
YOR148C
YOR149C
YOR150W
YOR151C
YOR152C
PDR5
SLP1
ISN1
NFI1
YOR157C
YOR158W
YOR159C
YOR160W
PNS1
YRR1
DDP1
GET4
SEY1
SWT1
RPS28A
YOR168W
LCB4
YRM1
DCS2
YOR174W
ALE1
YOR176W
MPC54
GAC1
SYC1
DCI1
YOR181W
RPS30B
FYV12
SER1
GSP2
YOR186W
YOR187W
MSB1
IES4
SPR1
ULS1
THI72
YOR192C-A
YOR192C-B
PEX27
YOR194C
SLK19
LIP5
MCA1
YOR198C
YOR201C
YOR202W
YOR204W
YOR205C
YOR206W
YOR207C
PTP2
NPT1
YOR210W
MGM1
YOR212W
SAS5
YOR214C
AIM41
RUD3
YOR217W
STE13
RCN2
MCT1
ODC2
YOR223W
YOR224C
ISU2
HER1
YOR228C
WTM2
WTM1
MKK1
YOR232W
KIN4
YOR234C
YOR236W
HES1
YOR238W
ABP140
YOR240W
YOR241W
SSP2
PUS7
YOR244W
DGA1
YOR246C
SRL1
YOR249C
YOR250C
TUM1
TMA16
NAT5
YOR254C
OSW1
YOR256C
YOR257W
YOR258W
YOR259C
YOR260W
YOR261C
YOR262W
DSE3
RBL2
PNT1
HRK1
YOR268C
PAC1
VPH1
FSF1
YOR272W
TPO4
MOD5
RIM20
CAF20
YOR278W
RFM1
FSH3
YOR281C
YOR283W
HUA2
YOR285W
AIM42
YOR287C
MPD1
YOR289W
YOR290C
YPK9
YOR292C
RPS10A
YOR294W
YOR295W
YOR296W
YOR297C
MBF1
MUM3
BUD7
RAX1
YOR302W
YOR303W
YOR304C-A
ISW2
YOR305W
MCH5
SLY41
SNU66
YOR310C
DGK1
YOR312C
SPS4
SFG1
COT1
FAA1
YOR319W
GNT1
PMT3
LDB19
YOR323C
FRT1
YOR326W
SNC2
PDR10
YOR329C
YOR330C
YOR332W
MRS2
YOR335C
YOR336W
TEA1
YOR338W
UBC11
YOR340C
YOR341W
YOR342C
YOR343C-A
YOR343C-B
TYE7
REV1
PYK2
PUT4
CIN1
MNE1
MEK1
YOR352W
YOR353C
MSC6
GDS1
YOR356W
SNX3
HAP5
VTS1
PDE2
YOR361C
YOR362C
PIP2
YOR365C
SCP1
RAD17
YOR369C
YOR370C
GPB1
YOR372C
YOR373W
ALD4
GDH1
ATF1
YOR378W
RDR1
FRE3
FIT2
FIT3
FRE5
YOR385W
PHR1
YOR387C
YOR388C
YOR389W
YOR390W
YOR391C
ERR1
YOR394W
YOR396W
HAT1
SNF8
ULA1
LSP1
YPL005W
NCR1
YPL007C
CHL1
YPL009C
YPL010W
YPL011C
YPL012W
YPL013C
YPL014W
HST2
YPL016W
IRC15
CTF19
VTC3
YPL020C
ECM23
RAD1
MET12
YPL024W
SKS1
SMA1
YPL028W
SUV3
TRM44
YPL031C
SVL3
SRL4
YPL034W
PMA2
EGD1
MET31
YPL039W
YPL040C
YPL041C
YPL042C
YPL043W
VPS16
ELC1
SGF11
CAM1
YPL049C
YPL050C
ARL3
OAZ1
YPL052W-A
KTR6
LEE1
LGE1
YPL056C
SUR1
PDR12
YPL059W
YPL060C-A
LPE10
ALD6
YPL063W
CWC27
VPS28
YPL066W
YPL067C
YPL068C
BTS1
MUK1
YPL071C
UBP16
YTA6
YPL075W
YPL076W
YPL077C
YPL078C
RPL21B
RPS9A
YPL082C
YPL083C
YPL084W
YPL085W
ELP3
YDC1
YPL088W
RLM1
RPS6A
GLR1
SSU1
YPL093W
YPL094C
EEB1
ERI1
PNG1
YPL097W
MGR2
AIM43
ATG21
ELP4
FMP30
MSD1
SYH1
SSE1
YPL107W
YPL108W
YPL109C
GDE1
CAR1
PEX25
YPL113C
BEM3
HOS3
YPL117C
YPL118W
DBP1
VPS30
MEI5
YPL122C
RNY1
YPL124W
YPL125W
YPL126W
HHO1
YPL128C
YPL129W
SPO19
YPL131W
YPL132W
RDS2
ODC1
ISU1
GIP3
SPP1
UME1
MKK2
YPL141C
YPL143W
POC4
KES1
YPL146C
PXA1
PPT2
ATG5
YPL150W
YPL151C
RRD2
YPL153C
PEP4
KIP2
PRM4
TGS1
AIM44
PET20
YPL160W
BEM4
YPL162C
SVS1
MLH3
SET6
ATG29
REV3
YPL168W
YPL169C
DAP1
OYE3
COX10
YPL173W
NIP100
YPL175W
TRE1
CUP9
CBC2
PPQ1
TCO89
CTI6
RTT10
RTC6
MRN1
UIP4
MF(ALPHA)1
YPL188W
GUP2
YPL190C
YPL191C
PRM3
YPL193W
DDC1
APL5
OXR1
RPL7B
YPL199C
CSM4
YIG1
AFT2
TPK2
YPL204W
PGC1
TYW1
RKM1
YPL209C
YPL210C
YPL211W
PUS1
LEA1
THI6
YPL215W
YPL216W
YPL217C
YPL218W
PCL8
RPL1A
FLC1
FMP40
GRE1
MMT2
YPL225W
NEW1
ALG5
YPL228W
YPL229W
USV1
YPL231W
SSO1
YPL233W
YPL234C
YPL235W
ENV7
YPL237W
YAR1
HSP82
CIN2
YPL242C
YPL243W
HUT1
YPL245W
RBD2
YPL247C
GAL4
GYP5
YPL249C-A
ICY2
YPL252C
VIK1
YPL254W
YPL255W
CLN2
YPL257W
YPL257W-A
YPL257W-B
THI21
APM1
YPL260W
FUM1
KEL3
YPL264C
DIP5
YPL266W
ACM1
YPL268W
KAR9
MDL2
YPL271W
YPL272C
SAM4
SAM3
YPL275W
YPL276W
YPL277C
YPL278C
YPL279C
YPL280W
YPL281C
YPL282C
YPL283C
CIT3
PDH1
YPR003C
AIM45
HAL1
ICL2
REC8
HAA1
SUT2
YPR010C
YPR011C
CMR3
YPR015C
YPR016C
DSS4
RLF2
YPR019W
ATP20
AGC1
YPR022C
EAF3
YME1
YPR025C
ATH1
YPR027C
YOP1
APL4
CSR2
NTO1
SRO7
YPR033C
YPR034W
YPR035W
VMA13
ERV2
TIP41
YPR041W
PUF2
RPL43A
YPR045C
MCM16
YPR047W
YPR048W
ATG11
MAK3
NHP6A
SMK1
YPR055W
YPR056W
BRR1
YMC1
ARO7
JID1
FCY1
YPR063C
ROX1
UBA3
YPR067W
HOS1
SPE3
MED1
YPR071W
YPR072W
LTP1
TKL1
OPY2
YPR078C
MRL1
YPR080W
YPR081C
YPR082C
MDM36
YPR084W
YPR085C
YPR086W
YPR088C
YPR089W
YPR090W
YPR091C
ASR1
YPR094W
SYT1
YPR096C
YPR097W
YPR098C
YPR100W
SNT309
YPR102C
YPR103W
YPR104C
YPR105C
ISR1
YPR107C
YPR108W
YPR109W
YPR110C
DBF20
YPR112C
YPR113W
YPR114W
GCA1
YPR116W
YPR117W
MRI1
CLB2
CLB5
THI22
AXL1
CTR1
YLH47
YPR127W
ANT1
SCD6
YPR131C
RPS23B
YPR133C
YPR133W-A
MSS18
CTF4
YPR137C-A
YPR137C-B
YPR137W
MEP3
YPR139C
TAZ1
KAR3
YPR143W
YPR144C
ASN1
YPR147C
YPR148C
NCE102
SUE1
URN1
YPR153W
PIN3
NCA2
TPO3
YPR157W
YPR158C-C
YPR158C-D
CUR1
YPR158W-A
YPR158W-B
YPR159W
GPH1
YPR161C
YPR162C
YPR163C
MMS1
YPR165W
YPR166C
MET16
YPR168W
YPR169W
BSP1
YPR172W
VPS4
YPR174C
YPR175W
YPR176C
YPR178W
HDA3
YPR180W
YPR181C
YPR182W
YPR183W
GDB1
ATG13
YPR186C
YPR187W
MLC2
SKI3
YPR190C
QCR2
AQY1
HPA2
OPT2
YPR196W
SGE1
ARR1
ARR2
ARR3
YPR202W
YPR203W
YPR204W
